0 info it worked if it ends with ok
1 verbose cli [ '/usr/local/bin/node',
1 verbose cli   '/usr/local/bin/npm',
1 verbose cli   'install',
1 verbose cli   'MeCab',
1 verbose cli   '--save' ]
2 info using npm@3.10.10
3 info using node@v6.11.0
4 silly loadCurrentTree Starting
5 silly install loadCurrentTree
6 silly install readLocalPackageData
7 silly fetchPackageMetaData MeCab
8 silly fetchNamedPackageData MeCab
9 silly mapToRegistry name MeCab
10 silly mapToRegistry using default registry
11 silly mapToRegistry registry https://registry.npmjs.org/
12 silly mapToRegistry data Result {
12 silly mapToRegistry   raw: 'MeCab',
12 silly mapToRegistry   scope: null,
12 silly mapToRegistry   escapedName: 'MeCab',
12 silly mapToRegistry   name: 'MeCab',
12 silly mapToRegistry   rawSpec: '',
12 silly mapToRegistry   spec: 'latest',
12 silly mapToRegistry   type: 'tag' }
13 silly mapToRegistry uri https://registry.npmjs.org/MeCab
14 verbose request uri https://registry.npmjs.org/MeCab
15 verbose request no auth needed
16 info attempt registry request try #1 at 16:08:04
17 verbose request id cb8eebb0a4214e2b
18 http request GET https://registry.npmjs.org/MeCab
19 http 200 https://registry.npmjs.org/MeCab
20 verbose headers { server: 'nginx/1.10.1',
20 verbose headers   'content-type': 'application/json',
20 verbose headers   'last-modified': 'Tue, 30 Aug 2011 17:48:24 GMT',
20 verbose headers   etag: 'W/"4e5d2268-5b2"',
20 verbose headers   'content-encoding': 'gzip',
20 verbose headers   'cache-control': 'max-age=300',
20 verbose headers   'content-length': '649',
20 verbose headers   'accept-ranges': 'bytes',
20 verbose headers   date: 'Thu, 15 Jun 2017 07:08:04 GMT',
20 verbose headers   via: '1.1 varnish',
20 verbose headers   age: '120',
20 verbose headers   connection: 'keep-alive',
20 verbose headers   'x-served-by': 'cache-itm7421-ITM',
20 verbose headers   'x-cache': 'HIT',
20 verbose headers   'x-cache-hits': '1',
20 verbose headers   'x-timer': 'S1497510485.980258,VS0,VE0',
20 verbose headers   vary: 'Accept-Encoding' }
21 silly get cb [ 200,
21 silly get   { server: 'nginx/1.10.1',
21 silly get     'content-type': 'application/json',
21 silly get     'last-modified': 'Tue, 30 Aug 2011 17:48:24 GMT',
21 silly get     etag: 'W/"4e5d2268-5b2"',
21 silly get     'content-encoding': 'gzip',
21 silly get     'cache-control': 'max-age=300',
21 silly get     'content-length': '649',
21 silly get     'accept-ranges': 'bytes',
21 silly get     date: 'Thu, 15 Jun 2017 07:08:04 GMT',
21 silly get     via: '1.1 varnish',
21 silly get     age: '120',
21 silly get     connection: 'keep-alive',
21 silly get     'x-served-by': 'cache-itm7421-ITM',
21 silly get     'x-cache': 'HIT',
21 silly get     'x-cache-hits': '1',
21 silly get     'x-timer': 'S1497510485.980258,VS0,VE0',
21 silly get     vary: 'Accept-Encoding' } ]
22 verbose get saving MeCab to /Users/mc00102/.npm/registry.npmjs.org/MeCab/.cache.json
23 verbose correctMkdir /Users/mc00102/.npm correctMkdir not in flight; initializing
24 silly install normalizeTree
25 silly loadCurrentTree Finishing
26 silly loadIdealTree Starting
27 silly install loadIdealTree
28 silly cloneCurrentTree Starting
29 silly install cloneCurrentTreeToIdealTree
30 silly cloneCurrentTree Finishing
31 silly loadShrinkwrap Starting
32 silly install loadShrinkwrap
33 silly loadShrinkwrap Finishing
34 silly loadAllDepsIntoIdealTree Starting
35 silly install loadAllDepsIntoIdealTree
36 silly resolveWithNewModule MeCab@0.0.2 checking installable status
37 silly cache add args [ 'MeCab', null ]
38 verbose cache add spec MeCab
39 silly cache add parsed spec Result {
39 silly cache add   raw: 'MeCab',
39 silly cache add   scope: null,
39 silly cache add   escapedName: 'MeCab',
39 silly cache add   name: 'MeCab',
39 silly cache add   rawSpec: '',
39 silly cache add   spec: 'latest',
39 silly cache add   type: 'tag' }
40 silly addNamed MeCab@latest
41 verbose addNamed "latest" is being treated as a dist-tag for MeCab
42 info addNameTag [ 'MeCab', 'latest' ]
43 silly mapToRegistry name MeCab
44 silly mapToRegistry using default registry
45 silly mapToRegistry registry https://registry.npmjs.org/
46 silly mapToRegistry data Result {
46 silly mapToRegistry   raw: 'MeCab',
46 silly mapToRegistry   scope: null,
46 silly mapToRegistry   escapedName: 'MeCab',
46 silly mapToRegistry   name: 'MeCab',
46 silly mapToRegistry   rawSpec: '',
46 silly mapToRegistry   spec: 'latest',
46 silly mapToRegistry   type: 'tag' }
47 silly mapToRegistry uri https://registry.npmjs.org/MeCab
48 verbose addNameTag registry:https://registry.npmjs.org/MeCab not in flight; fetching
49 verbose get https://registry.npmjs.org/MeCab not expired, no request
50 silly addNameTag next cb for MeCab with tag latest
51 silly addNamed MeCab@0.0.2
52 verbose addNamed "0.0.2" is a plain semver version for MeCab
53 silly mapToRegistry name MeCab
54 silly mapToRegistry using default registry
55 silly mapToRegistry registry https://registry.npmjs.org/
56 silly mapToRegistry data Result {
56 silly mapToRegistry   raw: 'MeCab',
56 silly mapToRegistry   scope: null,
56 silly mapToRegistry   escapedName: 'MeCab',
56 silly mapToRegistry   name: 'MeCab',
56 silly mapToRegistry   rawSpec: '',
56 silly mapToRegistry   spec: 'latest',
56 silly mapToRegistry   type: 'tag' }
57 silly mapToRegistry uri https://registry.npmjs.org/MeCab
58 verbose addRemoteTarball https://registry.npmjs.org/MeCab/-/MeCab-0.0.2.tgz not in flight; adding
59 verbose addRemoteTarball [ 'https://registry.npmjs.org/MeCab/-/MeCab-0.0.2.tgz',
59 verbose addRemoteTarball   '744a992bac59c2bf67fd0349fb82635c3236aa81' ]
60 info retry fetch attempt 1 at 16:08:05
61 info attempt registry request try #1 at 16:08:05
62 http fetch GET https://registry.npmjs.org/MeCab/-/MeCab-0.0.2.tgz
63 http fetch 200 https://registry.npmjs.org/MeCab/-/MeCab-0.0.2.tgz
64 silly fetchAndShaCheck shasum 744a992bac59c2bf67fd0349fb82635c3236aa81
65 verbose addTmpTarball /tmp/npm-7591-f4142e7c/registry.npmjs.org/MeCab/-/MeCab-0.0.2.tgz not in flight; adding
66 verbose addTmpTarball already have metadata; skipping unpack for MeCab@0.0.2
67 verbose correctMkdir /Users/mc00102/.npm correctMkdir not in flight; initializing
68 silly cache afterAdd MeCab@0.0.2
69 verbose afterAdd /Users/mc00102/.npm/MeCab/0.0.2/package/package.json not in flight; writing
70 verbose correctMkdir /Users/mc00102/.npm correctMkdir not in flight; initializing
71 verbose afterAdd /Users/mc00102/.npm/MeCab/0.0.2/package/package.json written
72 silly loadAllDepsIntoIdealTree Finishing
73 silly loadIdealTree Finishing
74 silly currentTree gulp-bk@1.0.0
74 silly currentTree ├── abbrev@1.1.0
74 silly currentTree ├── accepts@1.3.3
74 silly currentTree ├── acorn-jsx@3.0.1
74 silly currentTree ├── acorn-object-spread@1.0.0
74 silly currentTree ├── acorn@3.3.0
74 silly currentTree ├── after@0.8.1
74 silly currentTree ├── ajv@4.11.8
74 silly currentTree ├── amdefine@1.0.1
74 silly currentTree ├── ansi-regex@2.1.1
74 silly currentTree ├── ansi-styles@2.2.1
74 silly currentTree ├── any-promise@1.3.0
74 silly currentTree ├── anymatch@1.3.0
74 silly currentTree ├── archy@1.0.0
74 silly currentTree ├── arr-diff@2.0.0
74 silly currentTree ├── arr-flatten@1.0.3
74 silly currentTree ├── array-differ@1.0.0
74 silly currentTree ├── array-filter@0.0.1
74 silly currentTree ├── array-find-index@1.0.2
74 silly currentTree ├── array-map@0.0.0
74 silly currentTree ├── array-reduce@0.0.0
74 silly currentTree ├── array-uniq@1.0.3
74 silly currentTree ├── array-unique@0.2.1
74 silly currentTree ├── arraybuffer.slice@0.0.6
74 silly currentTree ├── arrify@1.0.1
74 silly currentTree ├── asn1@0.2.3
74 silly currentTree ├── assert-plus@0.2.0
74 silly currentTree ├── async-each-series@0.1.1
74 silly currentTree ├── async-each@1.0.1
74 silly currentTree ├── async@1.5.2
74 silly currentTree ├── asynckit@0.4.0
74 silly currentTree ├── atob@1.1.3
74 silly currentTree ├─┬ autoprefixer@7.1.1
74 silly currentTree │ ├── postcss@6.0.2
74 silly currentTree │ ├── source-map@0.5.6
74 silly currentTree │ └── supports-color@3.2.3
74 silly currentTree ├── aws-sign2@0.6.0
74 silly currentTree ├── aws4@1.6.0
74 silly currentTree ├── babel-code-frame@6.22.0
74 silly currentTree ├─┬ babel-core@6.25.0
74 silly currentTree │ ├── debug@2.6.8
74 silly currentTree │ ├── lodash@4.17.4
74 silly currentTree │ ├── minimatch@3.0.4
74 silly currentTree │ ├── ms@2.0.0
74 silly currentTree │ └── source-map@0.5.6
74 silly currentTree ├─┬ babel-generator@6.25.0
74 silly currentTree │ ├── lodash@4.17.4
74 silly currentTree │ └── source-map@0.5.6
74 silly currentTree ├── babel-helpers@6.24.1
74 silly currentTree ├── babel-messages@6.23.0
74 silly currentTree ├─┬ babel-register@6.24.1
74 silly currentTree │ └── lodash@4.17.4
74 silly currentTree ├── babel-runtime@6.23.0
74 silly currentTree ├─┬ babel-template@6.25.0
74 silly currentTree │ └── lodash@4.17.4
74 silly currentTree ├─┬ babel-traverse@6.25.0
74 silly currentTree │ ├── debug@2.6.8
74 silly currentTree │ ├── lodash@4.17.4
74 silly currentTree │ └── ms@2.0.0
74 silly currentTree ├─┬ babel-types@6.25.0
74 silly currentTree │ └── lodash@4.17.4
74 silly currentTree ├── babylon@6.17.3
74 silly currentTree ├── backo2@1.0.2
74 silly currentTree ├── balanced-match@1.0.0
74 silly currentTree ├── base64-arraybuffer@0.1.5
74 silly currentTree ├── base64id@0.1.0
74 silly currentTree ├── batch@0.5.3
74 silly currentTree ├── bcrypt-pbkdf@1.0.1
74 silly currentTree ├── beeper@1.1.1
74 silly currentTree ├── better-assert@1.0.2
74 silly currentTree ├── binary-extensions@1.8.0
74 silly currentTree ├─┬ bl@1.0.3
74 silly currentTree │ ├── isarray@1.0.0
74 silly currentTree │ └── readable-stream@2.0.6
74 silly currentTree ├─┬ bless@4.0.4
74 silly currentTree │ └── lodash@4.17.4
74 silly currentTree ├── blob@0.0.4
74 silly currentTree ├── bluebird@3.1.5
74 silly currentTree ├─┬ body-parser@1.8.4
74 silly currentTree │ ├── depd@0.4.5
74 silly currentTree │ ├── ee-first@1.0.5
74 silly currentTree │ ├── on-finished@2.1.0
74 silly currentTree │ └── qs@2.2.4
74 silly currentTree ├── boom@2.10.1
74 silly currentTree ├── brace-expansion@1.1.8
74 silly currentTree ├── braces@1.8.5
74 silly currentTree ├── browser-sync-client@2.5.1
74 silly currentTree ├── browser-sync-ui@0.6.3
74 silly currentTree ├─┬ browser-sync@2.18.12
74 silly currentTree │ ├── camelcase@3.0.0
74 silly currentTree │ ├── fs-extra@3.0.1
74 silly currentTree │ ├── graceful-fs@4.1.11
74 silly currentTree │ ├── jsonfile@3.0.0
74 silly currentTree │ ├── qs@6.2.1
74 silly currentTree │ ├── window-size@0.2.0
74 silly currentTree │ └── yargs@6.4.0
74 silly currentTree ├── browserslist@2.1.5
74 silly currentTree ├── bs-recipes@1.3.4
74 silly currentTree ├── buble@0.12.5
74 silly currentTree ├─┬ bubleify@0.5.1
74 silly currentTree │ └── object-assign@4.1.1
74 silly currentTree ├── builtin-modules@1.1.1
74 silly currentTree ├── bytes@1.0.0
74 silly currentTree ├── callsite@1.0.0
74 silly currentTree ├── camelcase-keys@2.1.0
74 silly currentTree ├── camelcase@2.1.1
74 silly currentTree ├── caniuse-lite@1.0.30000686
74 silly currentTree ├── caseless@0.12.0
74 silly currentTree ├── chalk@1.1.3
74 silly currentTree ├── chokidar@1.7.0
74 silly currentTree ├─┬ clean-css@4.1.4
74 silly currentTree │ └── source-map@0.5.6
74 silly currentTree ├── cliui@3.2.0
74 silly currentTree ├── clone-stats@0.0.1
74 silly currentTree ├── clone@1.0.2
74 silly currentTree ├── co@4.6.0
74 silly currentTree ├── code-point-at@1.1.0
74 silly currentTree ├── columnify@1.5.4
74 silly currentTree ├── combined-stream@1.0.5
74 silly currentTree ├── commander@2.0.0
74 silly currentTree ├── component-bind@1.0.0
74 silly currentTree ├── component-emitter@1.1.2
74 silly currentTree ├── component-inherit@0.0.3
74 silly currentTree ├── concat-map@0.0.1
74 silly currentTree ├─┬ concat-stream@1.5.0
74 silly currentTree │ ├── isarray@1.0.0
74 silly currentTree │ └── readable-stream@2.0.6
74 silly currentTree ├─┬ concat-with-sourcemaps@1.0.4
74 silly currentTree │ └── source-map@0.5.6
74 silly currentTree ├── connect-history-api-fallback@1.3.0
74 silly currentTree ├── connect-livereload@0.4.1
74 silly currentTree ├─┬ connect@3.5.0
74 silly currentTree │ └── debug@2.2.0
74 silly currentTree ├── convert-source-map@1.5.0
74 silly currentTree ├── cookie@0.3.1
74 silly currentTree ├── core-js@2.4.1
74 silly currentTree ├── core-util-is@1.0.2
74 silly currentTree ├── cryptiles@2.0.5
74 silly currentTree ├── css-parse@1.7.0
74 silly currentTree ├── css@2.2.1
74 silly currentTree ├─┬ csscomb-core@3.0.0-3.1
74 silly currentTree │ └── minimatch@0.2.12
74 silly currentTree ├── csscomb@3.1.8
74 silly currentTree ├── currently-unhandled@0.4.1
74 silly currentTree ├─┬ dashdash@1.14.1
74 silly currentTree │ └── assert-plus@1.0.0
74 silly currentTree ├── dateformat@2.0.0
74 silly currentTree ├── debug@0.7.4
74 silly currentTree ├── decamelize@1.2.0
74 silly currentTree ├── defaults@1.0.3
74 silly currentTree ├── delayed-stream@1.0.0
74 silly currentTree ├── depd@1.1.0
74 silly currentTree ├── deprecated@0.0.1
74 silly currentTree ├── destroy@1.0.4
74 silly currentTree ├── detect-file@0.1.0
74 silly currentTree ├── detect-indent@4.0.0
74 silly currentTree ├── dev-ip@1.0.1
74 silly currentTree ├── duplexer@0.1.1
74 silly currentTree ├── duplexer2@0.0.2
74 silly currentTree ├─┬ easy-extender@2.3.2
74 silly currentTree │ └── lodash@3.10.1
74 silly currentTree ├── eazy-logger@3.0.2
74 silly currentTree ├── ecc-jsbn@0.1.1
74 silly currentTree ├── ee-first@1.1.1
74 silly currentTree ├── electron-to-chromium@1.3.14
74 silly currentTree ├── emitter-steward@1.0.0
74 silly currentTree ├── encodeurl@1.0.1
74 silly currentTree ├── end-of-stream@0.1.5
74 silly currentTree ├─┬ engine.io-client@1.8.0
74 silly currentTree │ ├── component-emitter@1.2.1
74 silly currentTree │ ├── debug@2.3.3
74 silly currentTree │ └── ms@0.7.2
74 silly currentTree ├─┬ engine.io-parser@1.3.1
74 silly currentTree │ └── has-binary@0.1.6
74 silly currentTree ├─┬ engine.io@1.8.0
74 silly currentTree │ ├── debug@2.3.3
74 silly currentTree │ └── ms@0.7.2
74 silly currentTree ├── error-ex@1.3.1
74 silly currentTree ├── es6-promise@4.1.0
74 silly currentTree ├── escape-html@1.0.3
74 silly currentTree ├── escape-string-regexp@1.0.5
74 silly currentTree ├── esutils@2.0.2
74 silly currentTree ├── etag@1.8.0
74 silly currentTree ├── event-stream@3.3.4
74 silly currentTree ├── eventemitter3@1.2.0
74 silly currentTree ├── expand-brackets@0.1.5
74 silly currentTree ├── expand-range@1.8.2
74 silly currentTree ├── expand-tilde@1.2.2
74 silly currentTree ├─┬ express@2.5.11
74 silly currentTree │ ├── connect@1.9.2
74 silly currentTree │ ├── mkdirp@0.3.0
74 silly currentTree │ └── qs@0.4.2
74 silly currentTree ├── extend@3.0.1
74 silly currentTree ├── extglob@0.3.2
74 silly currentTree ├─┬ extract-zip@1.5.0
74 silly currentTree │ ├── minimist@0.0.8
74 silly currentTree │ └── mkdirp@0.5.0
74 silly currentTree ├── extsprintf@1.0.2
74 silly currentTree ├── fancy-log@1.3.0
74 silly currentTree ├── faye-websocket@0.7.3
74 silly currentTree ├── fd-slicer@1.0.1
74 silly currentTree ├── filename-regex@2.0.1
74 silly currentTree ├── fill-range@2.2.3
74 silly currentTree ├─┬ finalhandler@0.5.0
74 silly currentTree │ └── debug@2.2.0
74 silly currentTree ├── find-index@0.1.1
74 silly currentTree ├── find-up@1.1.2
74 silly currentTree ├── findup-sync@0.4.3
74 silly currentTree ├── fined@1.0.2
74 silly currentTree ├── first-chunk-stream@1.0.0
74 silly currentTree ├── flagged-respawn@0.3.2
74 silly currentTree ├── for-in@1.0.2
74 silly currentTree ├── for-own@0.1.5
74 silly currentTree ├── forever-agent@0.6.1
74 silly currentTree ├── fork-stream@0.0.4
74 silly currentTree ├── form-data@2.1.4
74 silly currentTree ├── format-number@2.0.2
74 silly currentTree ├── formidable@1.0.17
74 silly currentTree ├── fresh@0.3.0
74 silly currentTree ├── from@0.1.7
74 silly currentTree ├── fs-exists-sync@0.1.0
74 silly currentTree ├─┬ fs-extra@0.26.7
74 silly currentTree │ └── graceful-fs@4.1.11
74 silly currentTree ├── fs-promise@0.5.0
74 silly currentTree ├── fs.realpath@1.0.0
74 silly currentTree ├─┬ fsevents@1.1.2
74 silly currentTree │ ├── abbrev@1.1.0
74 silly currentTree │ ├── ajv@4.11.8
74 silly currentTree │ ├── ansi-regex@2.1.1
74 silly currentTree │ ├── aproba@1.1.1
74 silly currentTree │ ├── are-we-there-yet@1.1.4
74 silly currentTree │ ├── asn1@0.2.3
74 silly currentTree │ ├── assert-plus@0.2.0
74 silly currentTree │ ├── asynckit@0.4.0
74 silly currentTree │ ├── aws-sign2@0.6.0
74 silly currentTree │ ├── aws4@1.6.0
74 silly currentTree │ ├── balanced-match@0.4.2
74 silly currentTree │ ├── bcrypt-pbkdf@1.0.1
74 silly currentTree │ ├── block-stream@0.0.9
74 silly currentTree │ ├── boom@2.10.1
74 silly currentTree │ ├── brace-expansion@1.1.7
74 silly currentTree │ ├── buffer-shims@1.0.0
74 silly currentTree │ ├── caseless@0.12.0
74 silly currentTree │ ├── co@4.6.0
74 silly currentTree │ ├── code-point-at@1.1.0
74 silly currentTree │ ├── combined-stream@1.0.5
74 silly currentTree │ ├── concat-map@0.0.1
74 silly currentTree │ ├── console-control-strings@1.1.0
74 silly currentTree │ ├── core-util-is@1.0.2
74 silly currentTree │ ├── cryptiles@2.0.5
74 silly currentTree │ ├─┬ dashdash@1.14.1
74 silly currentTree │ │ └── assert-plus@1.0.0
74 silly currentTree │ ├── debug@2.6.8
74 silly currentTree │ ├── deep-extend@0.4.2
74 silly currentTree │ ├── delayed-stream@1.0.0
74 silly currentTree │ ├── delegates@1.0.0
74 silly currentTree │ ├── ecc-jsbn@0.1.1
74 silly currentTree │ ├── extend@3.0.1
74 silly currentTree │ ├── extsprintf@1.0.2
74 silly currentTree │ ├── forever-agent@0.6.1
74 silly currentTree │ ├── form-data@2.1.4
74 silly currentTree │ ├── fs.realpath@1.0.0
74 silly currentTree │ ├── fstream-ignore@1.0.5
74 silly currentTree │ ├── fstream@1.0.11
74 silly currentTree │ ├── gauge@2.7.4
74 silly currentTree │ ├─┬ getpass@0.1.7
74 silly currentTree │ │ └── assert-plus@1.0.0
74 silly currentTree │ ├── glob@7.1.2
74 silly currentTree │ ├── graceful-fs@4.1.11
74 silly currentTree │ ├── har-schema@1.0.5
74 silly currentTree │ ├── har-validator@4.2.1
74 silly currentTree │ ├── has-unicode@2.0.1
74 silly currentTree │ ├── hawk@3.1.3
74 silly currentTree │ ├── hoek@2.16.3
74 silly currentTree │ ├── http-signature@1.1.1
74 silly currentTree │ ├── inflight@1.0.6
74 silly currentTree │ ├── inherits@2.0.3
74 silly currentTree │ ├── ini@1.3.4
74 silly currentTree │ ├── is-fullwidth-code-point@1.0.0
74 silly currentTree │ ├── is-typedarray@1.0.0
74 silly currentTree │ ├── isarray@1.0.0
74 silly currentTree │ ├── isstream@0.1.2
74 silly currentTree │ ├── jodid25519@1.0.2
74 silly currentTree │ ├── jsbn@0.1.1
74 silly currentTree │ ├── json-schema@0.2.3
74 silly currentTree │ ├── json-stable-stringify@1.0.1
74 silly currentTree │ ├── json-stringify-safe@5.0.1
74 silly currentTree │ ├── jsonify@0.0.0
74 silly currentTree │ ├─┬ jsprim@1.4.0
74 silly currentTree │ │ └── assert-plus@1.0.0
74 silly currentTree │ ├── mime-db@1.27.0
74 silly currentTree │ ├── mime-types@2.1.15
74 silly currentTree │ ├── minimatch@3.0.4
74 silly currentTree │ ├── minimist@0.0.8
74 silly currentTree │ ├── mkdirp@0.5.1
74 silly currentTree │ ├── ms@2.0.0
74 silly currentTree │ ├── node-pre-gyp@0.6.36
74 silly currentTree │ ├── nopt@4.0.1
74 silly currentTree │ ├── npmlog@4.1.0
74 silly currentTree │ ├── number-is-nan@1.0.1
74 silly currentTree │ ├── oauth-sign@0.8.2
74 silly currentTree │ ├── object-assign@4.1.1
74 silly currentTree │ ├── once@1.4.0
74 silly currentTree │ ├── os-homedir@1.0.2
74 silly currentTree │ ├── os-tmpdir@1.0.2
74 silly currentTree │ ├── osenv@0.1.4
74 silly currentTree │ ├── path-is-absolute@1.0.1
74 silly currentTree │ ├── performance-now@0.2.0
74 silly currentTree │ ├── process-nextick-args@1.0.7
74 silly currentTree │ ├── punycode@1.4.1
74 silly currentTree │ ├── qs@6.4.0
74 silly currentTree │ ├─┬ rc@1.2.1
74 silly currentTree │ │ └── minimist@1.2.0
74 silly currentTree │ ├── readable-stream@2.2.9
74 silly currentTree │ ├── request@2.81.0
74 silly currentTree │ ├── rimraf@2.6.1
74 silly currentTree │ ├── safe-buffer@5.0.1
74 silly currentTree │ ├── semver@5.3.0
74 silly currentTree │ ├── set-blocking@2.0.0
74 silly currentTree │ ├── signal-exit@3.0.2
74 silly currentTree │ ├── sntp@1.0.9
74 silly currentTree │ ├─┬ sshpk@1.13.0
74 silly currentTree │ │ └── assert-plus@1.0.0
74 silly currentTree │ ├── string_decoder@1.0.1
74 silly currentTree │ ├── string-width@1.0.2
74 silly currentTree │ ├── stringstream@0.0.5
74 silly currentTree │ ├── strip-ansi@3.0.1
74 silly currentTree │ ├── strip-json-comments@2.0.1
74 silly currentTree │ ├── tar-pack@3.4.0
74 silly currentTree │ ├── tar@2.2.1
74 silly currentTree │ ├── tough-cookie@2.3.2
74 silly currentTree │ ├── tunnel-agent@0.6.0
74 silly currentTree │ ├── tweetnacl@0.14.5
74 silly currentTree │ ├── uid-number@0.0.6
74 silly currentTree │ ├── util-deprecate@1.0.2
74 silly currentTree │ ├── uuid@3.0.1
74 silly currentTree │ ├── verror@1.3.6
74 silly currentTree │ ├── wide-align@1.1.2
74 silly currentTree │ └── wrappy@1.0.2
74 silly currentTree ├── gaze@0.5.2
74 silly currentTree ├── generate-function@2.0.0
74 silly currentTree ├── generate-object-property@1.2.0
74 silly currentTree ├── get-caller-file@1.0.2
74 silly currentTree ├── get-stdin@4.0.1
74 silly currentTree ├─┬ getpass@0.1.7
74 silly currentTree │ └── assert-plus@1.0.0
74 silly currentTree ├── glob-base@0.3.0
74 silly currentTree ├── glob-parent@2.0.0
74 silly currentTree ├─┬ glob-stream@3.1.18
74 silly currentTree │ ├── readable-stream@1.0.34
74 silly currentTree │ └── through2@0.6.5
74 silly currentTree ├── glob-watcher@0.0.6
74 silly currentTree ├── glob@4.5.3
74 silly currentTree ├── glob2base@0.0.12
74 silly currentTree ├── global-modules@0.2.3
74 silly currentTree ├── global-prefix@0.1.5
74 silly currentTree ├── globals@9.18.0
74 silly currentTree ├─┬ globule@0.1.0
74 silly currentTree │ ├── glob@3.1.21
74 silly currentTree │ ├── graceful-fs@1.2.3
74 silly currentTree │ ├── inherits@1.0.2
74 silly currentTree │ └── minimatch@0.2.14
74 silly currentTree ├── glogg@1.0.0
74 silly currentTree ├── gonzales-pe@3.0.0-28
74 silly currentTree ├── graceful-fs@3.0.11
74 silly currentTree ├── graceful-readlink@1.0.1
74 silly currentTree ├── growly@1.3.0
74 silly currentTree ├─┬ gulp-autoprefixer@4.0.0
74 silly currentTree │ ├── postcss@6.0.2
74 silly currentTree │ ├── source-map@0.5.6
74 silly currentTree │ └── supports-color@3.2.3
74 silly currentTree ├─┬ gulp-babel@6.1.2
74 silly currentTree │ └── object-assign@4.1.1
74 silly currentTree ├─┬ gulp-bless@4.0.0
74 silly currentTree │ ├── readable-stream@1.0.34
74 silly currentTree │ ├── through2@0.5.1
74 silly currentTree │ └── xtend@3.0.0
74 silly currentTree ├── gulp-clean-css@3.4.2
74 silly currentTree ├─┬ gulp-compass@2.1.0
74 silly currentTree │ ├── readable-stream@1.0.34
74 silly currentTree │ └── through2@0.6.5
74 silly currentTree ├── gulp-csscomb@3.0.8
74 silly currentTree ├── gulp-html-validator@0.0.5
74 silly currentTree ├── gulp-load-plugins@1.5.0
74 silly currentTree ├─┬ gulp-merge-media-queries@0.2.1
74 silly currentTree │ ├── ansi-regex@0.2.1
74 silly currentTree │ ├── ansi-styles@1.1.0
74 silly currentTree │ ├── chalk@0.5.1
74 silly currentTree │ ├── dateformat@1.0.12
74 silly currentTree │ ├─┬ gulp-util@2.2.20
74 silly currentTree │ │ └── through2@0.5.1
74 silly currentTree │ ├── has-ansi@0.1.0
74 silly currentTree │ ├── lodash._reinterpolate@2.4.1
74 silly currentTree │ ├── lodash.escape@2.4.1
74 silly currentTree │ ├── lodash.keys@2.4.1
74 silly currentTree │ ├── lodash.template@2.4.1
74 silly currentTree │ ├── lodash.templatesettings@2.4.1
74 silly currentTree │ ├── minimist@0.2.0
74 silly currentTree │ ├── readable-stream@1.0.34
74 silly currentTree │ ├── strip-ansi@0.3.0
74 silly currentTree │ ├── supports-color@0.2.0
74 silly currentTree │ ├─┬ through2@0.4.2
74 silly currentTree │ │ └── xtend@2.1.2
74 silly currentTree │ ├── vinyl@0.2.3
74 silly currentTree │ └── xtend@3.0.0
74 silly currentTree ├─┬ gulp-notify@3.0.0
74 silly currentTree │ ├── lodash.template@4.4.0
74 silly currentTree │ └── lodash.templatesettings@4.1.0
74 silly currentTree ├── gulp-plumber@1.1.0
74 silly currentTree ├── gulp-rename@1.2.2
74 silly currentTree ├─┬ gulp-uglify@3.0.0
74 silly currentTree │ └── lodash@4.17.4
74 silly currentTree ├─┬ gulp-uncss@1.0.6
74 silly currentTree │ └── object-assign@4.1.1
74 silly currentTree ├── gulp-util@3.0.8
74 silly currentTree ├─┬ gulp-watch@4.3.11
74 silly currentTree │ ├── glob-parent@3.1.0
74 silly currentTree │ ├── is-extglob@2.1.1
74 silly currentTree │ ├── is-glob@3.1.0
74 silly currentTree │ ├── isarray@1.0.0
74 silly currentTree │ ├── object-assign@4.1.1
74 silly currentTree │ ├── readable-stream@2.2.11
74 silly currentTree │ ├── string_decoder@1.0.2
74 silly currentTree │ └── vinyl@1.2.0
74 silly currentTree ├─┬ gulp-webserver@0.9.1
74 silly currentTree │ ├── ansi-regex@0.2.1
74 silly currentTree │ ├── ansi-styles@1.1.0
74 silly currentTree │ ├── chalk@0.5.1
74 silly currentTree │ ├── dateformat@1.0.12
74 silly currentTree │ ├── gulp-util@2.2.20
74 silly currentTree │ ├── has-ansi@0.1.0
74 silly currentTree │ ├── lodash._reinterpolate@2.4.1
74 silly currentTree │ ├── lodash.escape@2.4.1
74 silly currentTree │ ├── lodash.keys@2.4.1
74 silly currentTree │ ├── lodash.template@2.4.1
74 silly currentTree │ ├── lodash.templatesettings@2.4.1
74 silly currentTree │ ├── minimist@0.2.0
74 silly currentTree │ ├── readable-stream@1.0.34
74 silly currentTree │ ├── strip-ansi@0.3.0
74 silly currentTree │ ├── supports-color@0.2.0
74 silly currentTree │ ├── through2@0.5.1
74 silly currentTree │ ├── vinyl@0.2.3
74 silly currentTree │ └── xtend@3.0.0
74 silly currentTree ├── gulp@3.9.1
74 silly currentTree ├── gulplog@1.0.0
74 silly currentTree ├── har-schema@1.0.5
74 silly currentTree ├── har-validator@4.2.1
74 silly currentTree ├── has-ansi@2.0.0
74 silly currentTree ├── has-binary@0.1.7
74 silly currentTree ├── has-cors@1.1.0
74 silly currentTree ├── has-flag@1.0.0
74 silly currentTree ├── has-gulplog@0.1.0
74 silly currentTree ├── hasha@2.2.0
74 silly currentTree ├── hawk@3.1.3
74 silly currentTree ├── hoek@2.16.3
74 silly currentTree ├── home-or-tmp@2.0.0
74 silly currentTree ├── homedir-polyfill@1.0.1
74 silly currentTree ├── hosted-git-info@2.4.2
74 silly currentTree ├── html-tags@1.1.1
74 silly currentTree ├── html-validator@0.0.8
74 silly currentTree ├── http-errors@1.5.1
74 silly currentTree ├── http-proxy@1.15.2
74 silly currentTree ├── http-signature@1.1.1
74 silly currentTree ├── iconv-lite@0.4.4
74 silly currentTree ├── immutable@3.8.1
74 silly currentTree ├── indent-string@2.1.0
74 silly currentTree ├── indexof@0.0.1
74 silly currentTree ├── inflight@1.0.6
74 silly currentTree ├── inherits@2.0.3
74 silly currentTree ├── ini@1.3.4
74 silly currentTree ├── interpret@1.0.3
74 silly currentTree ├── invariant@2.2.2
74 silly currentTree ├── invert-kv@1.0.0
74 silly currentTree ├── is-absolute-url@2.0.0
74 silly currentTree ├── is-absolute@0.2.6
74 silly currentTree ├── is-arrayish@0.2.1
74 silly currentTree ├── is-binary-path@1.0.1
74 silly currentTree ├── is-buffer@1.1.5
74 silly currentTree ├── is-builtin-module@1.0.0
74 silly currentTree ├── is-dotfile@1.0.3
74 silly currentTree ├── is-equal-shallow@0.1.3
74 silly currentTree ├── is-extendable@0.1.1
74 silly currentTree ├── is-extglob@1.0.0
74 silly currentTree ├── is-finite@1.0.2
74 silly currentTree ├── is-fullwidth-code-point@1.0.0
74 silly currentTree ├── is-glob@2.0.1
74 silly currentTree ├── is-html@1.0.0
74 silly currentTree ├── is-my-json-valid@2.16.0
74 silly currentTree ├── is-number-like@1.0.7
74 silly currentTree ├── is-number@2.1.0
74 silly currentTree ├── is-posix-bracket@0.1.1
74 silly currentTree ├── is-primitive@2.0.0
74 silly currentTree ├── is-property@1.0.2
74 silly currentTree ├── is-relative@0.2.1
74 silly currentTree ├── is-stream@1.1.0
74 silly currentTree ├── is-typedarray@1.0.0
74 silly currentTree ├── is-unc-path@0.1.2
74 silly currentTree ├── is-utf8@0.2.1
74 silly currentTree ├── is-windows@0.2.0
74 silly currentTree ├── is@3.2.1
74 silly currentTree ├── isarray@0.0.1
74 silly currentTree ├── isexe@2.0.0
74 silly currentTree ├─┬ isobject@2.1.0
74 silly currentTree │ └── isarray@1.0.0
74 silly currentTree ├── isstream@0.1.2
74 silly currentTree ├── js-base64@2.1.9
74 silly currentTree ├── js-tokens@3.0.1
74 silly currentTree ├── jsbn@0.1.1
74 silly currentTree ├── jsesc@1.3.0
74 silly currentTree ├── json-schema@0.2.3
74 silly currentTree ├── json-stable-stringify@1.0.1
74 silly currentTree ├── json-stringify-safe@5.0.1
74 silly currentTree ├── json3@3.3.2
74 silly currentTree ├── json5@0.5.1
74 silly currentTree ├─┬ jsonfile@2.4.0
74 silly currentTree │ └── graceful-fs@4.1.11
74 silly currentTree ├── jsonify@0.0.0
74 silly currentTree ├── jsonpointer@4.0.1
74 silly currentTree ├─┬ jsprim@1.4.0
74 silly currentTree │ └── assert-plus@1.0.0
74 silly currentTree ├── kew@0.7.0
74 silly currentTree ├── kind-of@3.2.2
74 silly currentTree ├─┬ klaw@1.3.1
74 silly currentTree │ └── graceful-fs@4.1.11
74 silly currentTree ├── lcid@1.0.0
74 silly currentTree ├── liftoff@2.3.0
74 silly currentTree ├── limiter@1.1.0
74 silly currentTree ├── linerstream@0.1.4
74 silly currentTree ├─┬ load-json-file@1.1.0
74 silly currentTree │ ├── graceful-fs@4.1.11
74 silly currentTree │ └── strip-bom@2.0.0
74 silly currentTree ├─┬ localtunnel@1.8.2
74 silly currentTree │ ├── camelcase@1.2.1
74 silly currentTree │ ├── caseless@0.11.0
74 silly currentTree │ ├── commander@2.9.0
74 silly currentTree │ ├── debug@2.2.0
74 silly currentTree │ ├── har-validator@2.0.6
74 silly currentTree │ ├── node-uuid@1.4.8
74 silly currentTree │ ├── qs@6.3.2
74 silly currentTree │ ├── request@2.78.0
74 silly currentTree │ ├── tunnel-agent@0.4.3
74 silly currentTree │ └── yargs@3.29.0
74 silly currentTree ├── lodash._basecopy@3.0.1
74 silly currentTree ├── lodash._basetostring@3.0.1
74 silly currentTree ├── lodash._basevalues@3.0.0
74 silly currentTree ├── lodash._escapehtmlchar@2.4.1
74 silly currentTree ├── lodash._escapestringchar@2.4.1
74 silly currentTree ├── lodash._getnative@3.9.1
74 silly currentTree ├── lodash._htmlescapes@2.4.1
74 silly currentTree ├── lodash._isiterateecall@3.0.9
74 silly currentTree ├── lodash._isnative@2.4.1
74 silly currentTree ├── lodash._objecttypes@2.4.1
74 silly currentTree ├── lodash._reescape@3.0.0
74 silly currentTree ├── lodash._reevaluate@3.0.0
74 silly currentTree ├── lodash._reinterpolate@3.0.0
74 silly currentTree ├─┬ lodash._reunescapedhtml@2.4.1
74 silly currentTree │ └── lodash.keys@2.4.1
74 silly currentTree ├── lodash._root@3.0.1
74 silly currentTree ├── lodash._shimkeys@2.4.1
74 silly currentTree ├── lodash.assignwith@4.2.0
74 silly currentTree ├─┬ lodash.defaults@2.4.1
74 silly currentTree │ └── lodash.keys@2.4.1
74 silly currentTree ├── lodash.escape@3.2.0
74 silly currentTree ├── lodash.isarguments@3.1.0
74 silly currentTree ├── lodash.isarray@3.0.4
74 silly currentTree ├── lodash.isempty@4.4.0
74 silly currentTree ├── lodash.isfinite@3.3.2
74 silly currentTree ├── lodash.isfunction@3.0.8
74 silly currentTree ├── lodash.isobject@2.4.1
74 silly currentTree ├── lodash.isplainobject@4.0.6
74 silly currentTree ├── lodash.isstring@4.0.1
74 silly currentTree ├── lodash.isundefined@3.0.1
74 silly currentTree ├── lodash.keys@3.1.2
74 silly currentTree ├── lodash.mapvalues@4.6.0
74 silly currentTree ├── lodash.pick@4.4.0
74 silly currentTree ├── lodash.restparam@3.6.1
74 silly currentTree ├── lodash.template@3.6.2
74 silly currentTree ├── lodash.templatesettings@3.1.1
74 silly currentTree ├─┬ lodash.values@2.4.1
74 silly currentTree │ └── lodash.keys@2.4.1
74 silly currentTree ├── lodash@1.0.2
74 silly currentTree ├── loose-envify@1.3.1
74 silly currentTree ├── loud-rejection@1.6.0
74 silly currentTree ├── lru-cache@2.7.3
74 silly currentTree ├── magic-string@0.14.0
74 silly currentTree ├── make-error-cause@1.2.2
74 silly currentTree ├── make-error@1.3.0
74 silly currentTree ├── map-cache@0.2.2
74 silly currentTree ├── map-obj@1.0.1
74 silly currentTree ├── map-stream@0.1.0
74 silly currentTree ├── mecab-async@0.1.0
74 silly currentTree ├── media-typer@0.3.0
74 silly currentTree ├─┬ meow@3.7.0
74 silly currentTree │ └── object-assign@4.1.1
74 silly currentTree ├── merge@1.2.0
74 silly currentTree ├── micromatch@2.3.11
74 silly currentTree ├── mime-db@1.27.0
74 silly currentTree ├── mime-types@2.1.15
74 silly currentTree ├── mime@1.2.4
74 silly currentTree ├── minimatch@2.0.10
74 silly currentTree ├── minimist@1.2.0
74 silly currentTree ├─┬ mkdirp@0.5.1
74 silly currentTree │ └── minimist@0.0.8
74 silly currentTree ├── ms@0.7.1
74 silly currentTree ├── multipipe@0.1.2
74 silly currentTree ├─┬ mz@2.6.0
74 silly currentTree │ └── object-assign@4.1.1
74 silly currentTree ├── nan@2.6.2
74 silly currentTree ├── natives@1.1.0
74 silly currentTree ├── negotiator@0.6.1
74 silly currentTree ├─┬ node-notifier@5.1.2
74 silly currentTree │ └── semver@5.3.0
74 silly currentTree ├── node-uuid@1.4.0
74 silly currentTree ├── node.extend@1.1.6
74 silly currentTree ├── nopt@3.0.6
74 silly currentTree ├── normalize-package-data@2.3.8
74 silly currentTree ├── normalize-path@2.1.1
74 silly currentTree ├── normalize-range@0.1.2
74 silly currentTree ├── num2fraction@1.2.2
74 silly currentTree ├── number-is-nan@1.0.1
74 silly currentTree ├── oauth-sign@0.8.2
74 silly currentTree ├── object-assign@3.0.0
74 silly currentTree ├── object-component@0.0.3
74 silly currentTree ├── object-keys@0.4.0
74 silly currentTree ├── object-path@0.9.2
74 silly currentTree ├── object.omit@2.0.1
74 silly currentTree ├── on-finished@2.3.0
74 silly currentTree ├── once@1.3.3
74 silly currentTree ├── open@0.0.5
74 silly currentTree ├── openurl@1.1.0
74 silly currentTree ├─┬ opn@4.0.2
74 silly currentTree │ └── object-assign@4.1.1
74 silly currentTree ├── options@0.0.6
74 silly currentTree ├── orchestrator@0.3.8
74 silly currentTree ├── ordered-read-streams@0.1.0
74 silly currentTree ├── os-homedir@1.0.2
74 silly currentTree ├── os-locale@1.4.0
74 silly currentTree ├── os-tmpdir@1.0.2
74 silly currentTree ├── parse-filepath@1.0.1
74 silly currentTree ├── parse-glob@3.0.4
74 silly currentTree ├── parse-json@2.2.0
74 silly currentTree ├── parse-passwd@1.0.0
74 silly currentTree ├── parsejson@0.0.3
74 silly currentTree ├── parseqs@0.0.5
74 silly currentTree ├── parseuri@0.0.5
74 silly currentTree ├── parseurl@1.3.1
74 silly currentTree ├── path-dirname@1.0.2
74 silly currentTree ├── path-exists@2.1.0
74 silly currentTree ├── path-is-absolute@1.0.1
74 silly currentTree ├── path-parse@1.0.5
74 silly currentTree ├── path-root-regex@0.1.2
74 silly currentTree ├── path-root@0.1.1
74 silly currentTree ├─┬ path-type@1.1.0
74 silly currentTree │ └── graceful-fs@4.1.11
74 silly currentTree ├── pause-stream@0.0.11
74 silly currentTree ├── pend@1.2.0
74 silly currentTree ├── performance-now@0.2.0
74 silly currentTree ├─┬ phantomjs-prebuilt@2.1.14
74 silly currentTree │ ├── caseless@0.11.0
74 silly currentTree │ ├── commander@2.9.0
74 silly currentTree │ ├── es6-promise@4.0.5
74 silly currentTree │ ├── fs-extra@1.0.0
74 silly currentTree │ ├── graceful-fs@4.1.11
74 silly currentTree │ ├── har-validator@2.0.6
74 silly currentTree │ ├── qs@6.3.2
74 silly currentTree │ ├── request@2.79.0
74 silly currentTree │ └── tunnel-agent@0.4.3
74 silly currentTree ├── phridge@2.0.0
74 silly currentTree ├── pify@2.3.0
74 silly currentTree ├── pinkie-promise@2.0.1
74 silly currentTree ├── pinkie@2.0.4
74 silly currentTree ├── portscanner@2.1.1
74 silly currentTree ├── postcss-value-parser@3.3.0
74 silly currentTree ├─┬ postcss@5.0.21
74 silly currentTree │ ├── source-map@0.5.6
74 silly currentTree │ └── supports-color@3.2.3
74 silly currentTree ├── preserve@0.2.0
74 silly currentTree ├── pretty-hrtime@1.0.3
74 silly currentTree ├── private@0.1.7
74 silly currentTree ├── process-nextick-args@1.0.7
74 silly currentTree ├── progress@1.1.8
74 silly currentTree ├── proxy-middleware@0.5.1
74 silly currentTree ├── punycode@1.4.1
74 silly currentTree ├── qs@6.4.0
74 silly currentTree ├─┬ randomatic@1.1.7
74 silly currentTree │ ├─┬ is-number@3.0.0
74 silly currentTree │ │ └── kind-of@3.2.2
74 silly currentTree │ └── kind-of@4.0.0
74 silly currentTree ├── range-parser@1.2.0
74 silly currentTree ├── raw-body@1.3.0
74 silly currentTree ├── read-pkg-up@1.0.1
74 silly currentTree ├── read-pkg@1.1.0
74 silly currentTree ├── readable-stream@1.1.14
74 silly currentTree ├─┬ readdirp@2.1.0
74 silly currentTree │ ├── graceful-fs@4.1.11
74 silly currentTree │ ├── isarray@1.0.0
74 silly currentTree │ ├── minimatch@3.0.4
74 silly currentTree │ ├── readable-stream@2.2.11
74 silly currentTree │ └── string_decoder@1.0.2
74 silly currentTree ├── rechoir@0.6.2
74 silly currentTree ├── redent@1.0.0
74 silly currentTree ├── regenerator-runtime@0.10.5
74 silly currentTree ├── regex-cache@0.4.3
74 silly currentTree ├── remove-trailing-separator@1.0.2
74 silly currentTree ├── repeat-element@1.1.2
74 silly currentTree ├── repeat-string@1.6.1
74 silly currentTree ├── repeating@2.0.1
74 silly currentTree ├── replace-ext@0.0.1
74 silly currentTree ├── request-progress@2.0.1
74 silly currentTree ├── request@2.81.0
74 silly currentTree ├── require-directory@2.1.1
74 silly currentTree ├── require-main-filename@1.0.1
74 silly currentTree ├── requires-port@1.0.0
74 silly currentTree ├── resolve-dir@0.1.1
74 silly currentTree ├── resolve-url@0.2.1
74 silly currentTree ├── resolve@1.3.3
74 silly currentTree ├─┬ resp-modifier@6.0.2
74 silly currentTree │ ├── debug@2.6.8
74 silly currentTree │ ├── minimatch@3.0.4
74 silly currentTree │ └── ms@2.0.0
74 silly currentTree ├─┬ rimraf@2.6.1
74 silly currentTree │ ├── glob@7.1.2
74 silly currentTree │ └── minimatch@3.0.4
74 silly currentTree ├── rx@4.1.0
74 silly currentTree ├── safe-buffer@5.0.1
74 silly currentTree ├── semver@4.3.6
74 silly currentTree ├─┬ send@0.15.2
74 silly currentTree │ ├─┬ debug@2.6.4
74 silly currentTree │ │ └── ms@0.7.3
74 silly currentTree │ ├── fresh@0.5.0
74 silly currentTree │ ├── http-errors@1.6.1
74 silly currentTree │ ├── mime@1.3.4
74 silly currentTree │ ├── ms@1.0.0
74 silly currentTree │ └── setprototypeof@1.0.3
74 silly currentTree ├── sequencify@0.0.7
74 silly currentTree ├─┬ serve-index@1.8.0
74 silly currentTree │ └── debug@2.2.0
74 silly currentTree ├── serve-static@1.12.2
74 silly currentTree ├── server-destroy@1.0.1
74 silly currentTree ├── set-blocking@2.0.0
74 silly currentTree ├── set-immediate-shim@1.0.1
74 silly currentTree ├── setprototypeof@1.0.2
74 silly currentTree ├── shell-quote@1.6.1
74 silly currentTree ├── shellwords@0.1.0
74 silly currentTree ├── sigmund@1.0.1
74 silly currentTree ├── signal-exit@3.0.2
74 silly currentTree ├── slash@1.0.0
74 silly currentTree ├── sntp@1.0.9
74 silly currentTree ├─┬ socket.io-adapter@0.5.0
74 silly currentTree │ ├── debug@2.3.3
74 silly currentTree │ └── ms@0.7.2
74 silly currentTree ├─┬ socket.io-client@1.6.0
74 silly currentTree │ ├── component-emitter@1.2.1
74 silly currentTree │ ├── debug@2.3.3
74 silly currentTree │ └── ms@0.7.2
74 silly currentTree ├─┬ socket.io-parser@2.3.1
74 silly currentTree │ └── debug@2.2.0
74 silly currentTree ├─┬ socket.io@1.6.0
74 silly currentTree │ ├── debug@2.3.3
74 silly currentTree │ ├── ms@0.7.2
74 silly currentTree │ └── object-assign@4.1.0
74 silly currentTree ├── source-map-resolve@0.3.1
74 silly currentTree ├─┬ source-map-support@0.4.15
74 silly currentTree │ └── source-map@0.5.6
74 silly currentTree ├── source-map-url@0.3.0
74 silly currentTree ├── source-map@0.1.43
74 silly currentTree ├── sparkles@1.0.0
74 silly currentTree ├── spdx-correct@1.0.2
74 silly currentTree ├── spdx-expression-parse@1.0.4
74 silly currentTree ├── spdx-license-ids@1.2.2
74 silly currentTree ├── split@0.3.3
74 silly currentTree ├─┬ sshpk@1.13.1
74 silly currentTree │ └── assert-plus@1.0.0
74 silly currentTree ├── statuses@1.3.1
74 silly currentTree ├── stream-combiner@0.0.4
74 silly currentTree ├── stream-consume@0.1.0
74 silly currentTree ├─┬ stream-throttle@0.1.3
74 silly currentTree │ └── commander@2.9.0
74 silly currentTree ├── string_decoder@0.10.31
74 silly currentTree ├── string-width@1.0.2
74 silly currentTree ├── stringstream@0.0.5
74 silly currentTree ├── strip-ansi@3.0.1
74 silly currentTree ├─┬ strip-bom-stream@2.0.0
74 silly currentTree │ ├── first-chunk-stream@2.0.0
74 silly currentTree │ ├── isarray@1.0.0
74 silly currentTree │ ├── readable-stream@2.2.11
74 silly currentTree │ ├── string_decoder@1.0.2
74 silly currentTree │ └── strip-bom@2.0.0
74 silly currentTree ├── strip-bom@1.0.0
74 silly currentTree ├── strip-indent@1.0.1
74 silly currentTree ├── supports-color@2.0.0
74 silly currentTree ├─┬ temp@0.8.3
74 silly currentTree │ └── rimraf@2.2.8
74 silly currentTree ├── tfunk@3.1.0
74 silly currentTree ├── thenify-all@1.6.0
74 silly currentTree ├── thenify@3.3.0
74 silly currentTree ├── throttleit@1.0.0
74 silly currentTree ├── through@2.3.8
74 silly currentTree ├─┬ through2@2.0.3
74 silly currentTree │ ├── isarray@1.0.0
74 silly currentTree │ ├── readable-stream@2.2.11
74 silly currentTree │ └── string_decoder@1.0.2
74 silly currentTree ├── tildify@1.2.0
74 silly currentTree ├── time-stamp@1.1.0
74 silly currentTree ├─┬ tiny-lr@0.1.4
74 silly currentTree │ ├── debug@0.8.1
74 silly currentTree │ └── qs@2.2.5
74 silly currentTree ├── to-array@0.1.4
74 silly currentTree ├── to-fast-properties@1.0.3
74 silly currentTree ├── tough-cookie@2.3.2
74 silly currentTree ├── trim-newlines@1.0.0
74 silly currentTree ├── trim-right@1.0.1
74 silly currentTree ├── tunnel-agent@0.6.0
74 silly currentTree ├── tweetnacl@0.14.5
74 silly currentTree ├─┬ type-is@1.5.7
74 silly currentTree │ ├── mime-db@1.12.0
74 silly currentTree │ └── mime-types@2.0.14
74 silly currentTree ├── typedarray@0.0.6
74 silly currentTree ├── ua-parser-js@0.7.12
74 silly currentTree ├─┬ uglify-js@3.0.16
74 silly currentTree │ ├── commander@2.9.0
74 silly currentTree │ └── source-map@0.5.6
74 silly currentTree ├── ultron@1.0.2
74 silly currentTree ├── unc-path-regex@0.1.2
74 silly currentTree ├─┬ uncss@0.14.1
74 silly currentTree │ ├── caseless@0.11.0
74 silly currentTree │ ├── commander@2.9.0
74 silly currentTree │ ├─┬ form-data@1.0.1
74 silly currentTree │ │ ├── async@2.4.1
74 silly currentTree │ │ └── lodash@4.17.4
74 silly currentTree │ ├── glob@6.0.4
74 silly currentTree │ ├── har-validator@2.0.6
74 silly currentTree │ ├── lodash@4.0.1
74 silly currentTree │ ├── node-uuid@1.4.8
74 silly currentTree │ ├── object-assign@4.1.1
74 silly currentTree │ ├── qs@6.0.4
74 silly currentTree │ ├── request@2.69.0
74 silly currentTree │ ├── tough-cookie@2.2.2
74 silly currentTree │ └── tunnel-agent@0.4.3
74 silly currentTree ├── underscore@1.7.0
74 silly currentTree ├── unique-stream@1.0.0
74 silly currentTree ├── universalify@0.1.0
74 silly currentTree ├── unpipe@1.0.0
74 silly currentTree ├── urix@0.1.0
74 silly currentTree ├── user-home@1.1.1
74 silly currentTree ├── util-deprecate@1.0.2
74 silly currentTree ├── utils-merge@1.0.0
74 silly currentTree ├── uuid@3.0.1
74 silly currentTree ├── v8flags@2.1.1
74 silly currentTree ├── valid-url@1.0.9
74 silly currentTree ├── validate-npm-package-license@3.0.1
74 silly currentTree ├── verror@1.3.6
74 silly currentTree ├─┬ vinyl-file@2.0.0
74 silly currentTree │ ├── graceful-fs@4.1.11
74 silly currentTree │ ├── strip-bom@2.0.0
74 silly currentTree │ └── vinyl@1.2.0
74 silly currentTree ├─┬ vinyl-fs@0.3.14
74 silly currentTree │ ├── clone@0.2.0
74 silly currentTree │ ├── readable-stream@1.0.34
74 silly currentTree │ ├── through2@0.6.5
74 silly currentTree │ └── vinyl@0.4.6
74 silly currentTree ├─┬ vinyl-sourcemaps-apply@0.2.1
74 silly currentTree │ └── source-map@0.5.6
74 silly currentTree ├── vinyl@0.5.3
74 silly currentTree ├── vlq@0.2.2
74 silly currentTree ├─┬ vow-fs@0.3.2
74 silly currentTree │ ├── glob@3.2.8
74 silly currentTree │ └── minimatch@0.2.14
74 silly currentTree ├── vow-queue@0.3.1
74 silly currentTree ├── vow@0.4.4
74 silly currentTree ├── watch@0.11.0
74 silly currentTree ├── wcwidth@1.0.1
74 silly currentTree ├── websocket-driver@0.6.5
74 silly currentTree ├── websocket-extensions@0.1.1
74 silly currentTree ├── weinre@2.0.0-pre-I0Z7U9OV
74 silly currentTree ├── which-module@1.0.0
74 silly currentTree ├── which@1.2.14
74 silly currentTree ├── window-size@0.1.4
74 silly currentTree ├── wrap-ansi@2.1.0
74 silly currentTree ├── wrappy@1.0.2
74 silly currentTree ├── ws@1.1.1
74 silly currentTree ├── wtf-8@1.0.0
74 silly currentTree ├── xmlhttprequest-ssl@1.5.3
74 silly currentTree ├── xtend@4.0.1
74 silly currentTree ├── y18n@3.2.1
74 silly currentTree ├─┬ yargs-parser@4.2.1
74 silly currentTree │ └── camelcase@3.0.0
74 silly currentTree ├── yargs@3.32.0
74 silly currentTree ├── yauzl@2.4.1
74 silly currentTree └── yeast@0.1.2
75 silly idealTree gulp-bk@1.0.0
75 silly idealTree ├── abbrev@1.1.0
75 silly idealTree ├── accepts@1.3.3
75 silly idealTree ├── acorn-jsx@3.0.1
75 silly idealTree ├── acorn-object-spread@1.0.0
75 silly idealTree ├── acorn@3.3.0
75 silly idealTree ├── after@0.8.1
75 silly idealTree ├── ajv@4.11.8
75 silly idealTree ├── amdefine@1.0.1
75 silly idealTree ├── ansi-regex@2.1.1
75 silly idealTree ├── ansi-styles@2.2.1
75 silly idealTree ├── any-promise@1.3.0
75 silly idealTree ├── anymatch@1.3.0
75 silly idealTree ├── archy@1.0.0
75 silly idealTree ├── arr-diff@2.0.0
75 silly idealTree ├── arr-flatten@1.0.3
75 silly idealTree ├── array-differ@1.0.0
75 silly idealTree ├── array-filter@0.0.1
75 silly idealTree ├── array-find-index@1.0.2
75 silly idealTree ├── array-map@0.0.0
75 silly idealTree ├── array-reduce@0.0.0
75 silly idealTree ├── array-uniq@1.0.3
75 silly idealTree ├── array-unique@0.2.1
75 silly idealTree ├── arraybuffer.slice@0.0.6
75 silly idealTree ├── arrify@1.0.1
75 silly idealTree ├── asn1@0.2.3
75 silly idealTree ├── assert-plus@0.2.0
75 silly idealTree ├── async-each-series@0.1.1
75 silly idealTree ├── async-each@1.0.1
75 silly idealTree ├── async@1.5.2
75 silly idealTree ├── asynckit@0.4.0
75 silly idealTree ├── atob@1.1.3
75 silly idealTree ├─┬ autoprefixer@7.1.1
75 silly idealTree │ ├── postcss@6.0.2
75 silly idealTree │ ├── source-map@0.5.6
75 silly idealTree │ └── supports-color@3.2.3
75 silly idealTree ├── aws-sign2@0.6.0
75 silly idealTree ├── aws4@1.6.0
75 silly idealTree ├── babel-code-frame@6.22.0
75 silly idealTree ├─┬ babel-core@6.25.0
75 silly idealTree │ ├── debug@2.6.8
75 silly idealTree │ ├── lodash@4.17.4
75 silly idealTree │ ├── minimatch@3.0.4
75 silly idealTree │ ├── ms@2.0.0
75 silly idealTree │ └── source-map@0.5.6
75 silly idealTree ├─┬ babel-generator@6.25.0
75 silly idealTree │ ├── lodash@4.17.4
75 silly idealTree │ └── source-map@0.5.6
75 silly idealTree ├── babel-helpers@6.24.1
75 silly idealTree ├── babel-messages@6.23.0
75 silly idealTree ├─┬ babel-register@6.24.1
75 silly idealTree │ └── lodash@4.17.4
75 silly idealTree ├── babel-runtime@6.23.0
75 silly idealTree ├─┬ babel-template@6.25.0
75 silly idealTree │ └── lodash@4.17.4
75 silly idealTree ├─┬ babel-traverse@6.25.0
75 silly idealTree │ ├── debug@2.6.8
75 silly idealTree │ ├── lodash@4.17.4
75 silly idealTree │ └── ms@2.0.0
75 silly idealTree ├─┬ babel-types@6.25.0
75 silly idealTree │ └── lodash@4.17.4
75 silly idealTree ├── babylon@6.17.3
75 silly idealTree ├── backo2@1.0.2
75 silly idealTree ├── balanced-match@1.0.0
75 silly idealTree ├── base64-arraybuffer@0.1.5
75 silly idealTree ├── base64id@0.1.0
75 silly idealTree ├── batch@0.5.3
75 silly idealTree ├── bcrypt-pbkdf@1.0.1
75 silly idealTree ├── beeper@1.1.1
75 silly idealTree ├── better-assert@1.0.2
75 silly idealTree ├── binary-extensions@1.8.0
75 silly idealTree ├─┬ bl@1.0.3
75 silly idealTree │ ├── isarray@1.0.0
75 silly idealTree │ └── readable-stream@2.0.6
75 silly idealTree ├─┬ bless@4.0.4
75 silly idealTree │ └── lodash@4.17.4
75 silly idealTree ├── blob@0.0.4
75 silly idealTree ├── bluebird@3.1.5
75 silly idealTree ├─┬ body-parser@1.8.4
75 silly idealTree │ ├── depd@0.4.5
75 silly idealTree │ ├── ee-first@1.0.5
75 silly idealTree │ ├── on-finished@2.1.0
75 silly idealTree │ └── qs@2.2.4
75 silly idealTree ├── boom@2.10.1
75 silly idealTree ├── brace-expansion@1.1.8
75 silly idealTree ├── braces@1.8.5
75 silly idealTree ├── browser-sync-client@2.5.1
75 silly idealTree ├── browser-sync-ui@0.6.3
75 silly idealTree ├─┬ browser-sync@2.18.12
75 silly idealTree │ ├── camelcase@3.0.0
75 silly idealTree │ ├── fs-extra@3.0.1
75 silly idealTree │ ├── graceful-fs@4.1.11
75 silly idealTree │ ├── jsonfile@3.0.0
75 silly idealTree │ ├── qs@6.2.1
75 silly idealTree │ ├── window-size@0.2.0
75 silly idealTree │ └── yargs@6.4.0
75 silly idealTree ├── browserslist@2.1.5
75 silly idealTree ├── bs-recipes@1.3.4
75 silly idealTree ├── buble@0.12.5
75 silly idealTree ├─┬ bubleify@0.5.1
75 silly idealTree │ └── object-assign@4.1.1
75 silly idealTree ├── builtin-modules@1.1.1
75 silly idealTree ├── bytes@1.0.0
75 silly idealTree ├── callsite@1.0.0
75 silly idealTree ├── camelcase-keys@2.1.0
75 silly idealTree ├── camelcase@2.1.1
75 silly idealTree ├── caniuse-lite@1.0.30000686
75 silly idealTree ├── caseless@0.12.0
75 silly idealTree ├── chalk@1.1.3
75 silly idealTree ├── chokidar@1.7.0
75 silly idealTree ├─┬ clean-css@4.1.4
75 silly idealTree │ └── source-map@0.5.6
75 silly idealTree ├── cliui@3.2.0
75 silly idealTree ├── clone-stats@0.0.1
75 silly idealTree ├── clone@1.0.2
75 silly idealTree ├── co@4.6.0
75 silly idealTree ├── code-point-at@1.1.0
75 silly idealTree ├── columnify@1.5.4
75 silly idealTree ├── combined-stream@1.0.5
75 silly idealTree ├── commander@2.0.0
75 silly idealTree ├── component-bind@1.0.0
75 silly idealTree ├── component-emitter@1.1.2
75 silly idealTree ├── component-inherit@0.0.3
75 silly idealTree ├── concat-map@0.0.1
75 silly idealTree ├─┬ concat-stream@1.5.0
75 silly idealTree │ ├── isarray@1.0.0
75 silly idealTree │ └── readable-stream@2.0.6
75 silly idealTree ├─┬ concat-with-sourcemaps@1.0.4
75 silly idealTree │ └── source-map@0.5.6
75 silly idealTree ├── connect-history-api-fallback@1.3.0
75 silly idealTree ├── connect-livereload@0.4.1
75 silly idealTree ├─┬ connect@3.5.0
75 silly idealTree │ └── debug@2.2.0
75 silly idealTree ├── convert-source-map@1.5.0
75 silly idealTree ├── cookie@0.3.1
75 silly idealTree ├── core-js@2.4.1
75 silly idealTree ├── core-util-is@1.0.2
75 silly idealTree ├── cryptiles@2.0.5
75 silly idealTree ├── css-parse@1.7.0
75 silly idealTree ├── css@2.2.1
75 silly idealTree ├─┬ csscomb-core@3.0.0-3.1
75 silly idealTree │ └── minimatch@0.2.12
75 silly idealTree ├── csscomb@3.1.8
75 silly idealTree ├── currently-unhandled@0.4.1
75 silly idealTree ├─┬ dashdash@1.14.1
75 silly idealTree │ └── assert-plus@1.0.0
75 silly idealTree ├── dateformat@2.0.0
75 silly idealTree ├── debug@0.7.4
75 silly idealTree ├── decamelize@1.2.0
75 silly idealTree ├── defaults@1.0.3
75 silly idealTree ├── delayed-stream@1.0.0
75 silly idealTree ├── depd@1.1.0
75 silly idealTree ├── deprecated@0.0.1
75 silly idealTree ├── destroy@1.0.4
75 silly idealTree ├── detect-file@0.1.0
75 silly idealTree ├── detect-indent@4.0.0
75 silly idealTree ├── dev-ip@1.0.1
75 silly idealTree ├── duplexer@0.1.1
75 silly idealTree ├── duplexer2@0.0.2
75 silly idealTree ├─┬ easy-extender@2.3.2
75 silly idealTree │ └── lodash@3.10.1
75 silly idealTree ├── eazy-logger@3.0.2
75 silly idealTree ├── ecc-jsbn@0.1.1
75 silly idealTree ├── ee-first@1.1.1
75 silly idealTree ├── electron-to-chromium@1.3.14
75 silly idealTree ├── emitter-steward@1.0.0
75 silly idealTree ├── encodeurl@1.0.1
75 silly idealTree ├── end-of-stream@0.1.5
75 silly idealTree ├─┬ engine.io-client@1.8.0
75 silly idealTree │ ├── component-emitter@1.2.1
75 silly idealTree │ ├── debug@2.3.3
75 silly idealTree │ └── ms@0.7.2
75 silly idealTree ├─┬ engine.io-parser@1.3.1
75 silly idealTree │ └── has-binary@0.1.6
75 silly idealTree ├─┬ engine.io@1.8.0
75 silly idealTree │ ├── debug@2.3.3
75 silly idealTree │ └── ms@0.7.2
75 silly idealTree ├── error-ex@1.3.1
75 silly idealTree ├── es6-promise@4.1.0
75 silly idealTree ├── escape-html@1.0.3
75 silly idealTree ├── escape-string-regexp@1.0.5
75 silly idealTree ├── esutils@2.0.2
75 silly idealTree ├── etag@1.8.0
75 silly idealTree ├── event-stream@3.3.4
75 silly idealTree ├── eventemitter3@1.2.0
75 silly idealTree ├── expand-brackets@0.1.5
75 silly idealTree ├── expand-range@1.8.2
75 silly idealTree ├── expand-tilde@1.2.2
75 silly idealTree ├─┬ express@2.5.11
75 silly idealTree │ ├── connect@1.9.2
75 silly idealTree │ ├── mkdirp@0.3.0
75 silly idealTree │ └── qs@0.4.2
75 silly idealTree ├── extend@3.0.1
75 silly idealTree ├── extglob@0.3.2
75 silly idealTree ├─┬ extract-zip@1.5.0
75 silly idealTree │ ├── minimist@0.0.8
75 silly idealTree │ └── mkdirp@0.5.0
75 silly idealTree ├── extsprintf@1.0.2
75 silly idealTree ├── fancy-log@1.3.0
75 silly idealTree ├── faye-websocket@0.7.3
75 silly idealTree ├── fd-slicer@1.0.1
75 silly idealTree ├── filename-regex@2.0.1
75 silly idealTree ├── fill-range@2.2.3
75 silly idealTree ├─┬ finalhandler@0.5.0
75 silly idealTree │ └── debug@2.2.0
75 silly idealTree ├── find-index@0.1.1
75 silly idealTree ├── find-up@1.1.2
75 silly idealTree ├── findup-sync@0.4.3
75 silly idealTree ├── fined@1.0.2
75 silly idealTree ├── first-chunk-stream@1.0.0
75 silly idealTree ├── flagged-respawn@0.3.2
75 silly idealTree ├── for-in@1.0.2
75 silly idealTree ├── for-own@0.1.5
75 silly idealTree ├── forever-agent@0.6.1
75 silly idealTree ├── fork-stream@0.0.4
75 silly idealTree ├── form-data@2.1.4
75 silly idealTree ├── format-number@2.0.2
75 silly idealTree ├── formidable@1.0.17
75 silly idealTree ├── fresh@0.3.0
75 silly idealTree ├── from@0.1.7
75 silly idealTree ├── fs-exists-sync@0.1.0
75 silly idealTree ├─┬ fs-extra@0.26.7
75 silly idealTree │ └── graceful-fs@4.1.11
75 silly idealTree ├── fs-promise@0.5.0
75 silly idealTree ├── fs.realpath@1.0.0
75 silly idealTree ├─┬ fsevents@1.1.2
75 silly idealTree │ ├── abbrev@1.1.0
75 silly idealTree │ ├── ajv@4.11.8
75 silly idealTree │ ├── ansi-regex@2.1.1
75 silly idealTree │ ├── aproba@1.1.1
75 silly idealTree │ ├── are-we-there-yet@1.1.4
75 silly idealTree │ ├── asn1@0.2.3
75 silly idealTree │ ├── assert-plus@0.2.0
75 silly idealTree │ ├── asynckit@0.4.0
75 silly idealTree │ ├── aws-sign2@0.6.0
75 silly idealTree │ ├── aws4@1.6.0
75 silly idealTree │ ├── balanced-match@0.4.2
75 silly idealTree │ ├── bcrypt-pbkdf@1.0.1
75 silly idealTree │ ├── block-stream@0.0.9
75 silly idealTree │ ├── boom@2.10.1
75 silly idealTree │ ├── brace-expansion@1.1.7
75 silly idealTree │ ├── buffer-shims@1.0.0
75 silly idealTree │ ├── caseless@0.12.0
75 silly idealTree │ ├── co@4.6.0
75 silly idealTree │ ├── code-point-at@1.1.0
75 silly idealTree │ ├── combined-stream@1.0.5
75 silly idealTree │ ├── concat-map@0.0.1
75 silly idealTree │ ├── console-control-strings@1.1.0
75 silly idealTree │ ├── core-util-is@1.0.2
75 silly idealTree │ ├── cryptiles@2.0.5
75 silly idealTree │ ├─┬ dashdash@1.14.1
75 silly idealTree │ │ └── assert-plus@1.0.0
75 silly idealTree │ ├── debug@2.6.8
75 silly idealTree │ ├── deep-extend@0.4.2
75 silly idealTree │ ├── delayed-stream@1.0.0
75 silly idealTree │ ├── delegates@1.0.0
75 silly idealTree │ ├── ecc-jsbn@0.1.1
75 silly idealTree │ ├── extend@3.0.1
75 silly idealTree │ ├── extsprintf@1.0.2
75 silly idealTree │ ├── forever-agent@0.6.1
75 silly idealTree │ ├── form-data@2.1.4
75 silly idealTree │ ├── fs.realpath@1.0.0
75 silly idealTree │ ├── fstream-ignore@1.0.5
75 silly idealTree │ ├── fstream@1.0.11
75 silly idealTree │ ├── gauge@2.7.4
75 silly idealTree │ ├─┬ getpass@0.1.7
75 silly idealTree │ │ └── assert-plus@1.0.0
75 silly idealTree │ ├── glob@7.1.2
75 silly idealTree │ ├── graceful-fs@4.1.11
75 silly idealTree │ ├── har-schema@1.0.5
75 silly idealTree │ ├── har-validator@4.2.1
75 silly idealTree │ ├── has-unicode@2.0.1
75 silly idealTree │ ├── hawk@3.1.3
75 silly idealTree │ ├── hoek@2.16.3
75 silly idealTree │ ├── http-signature@1.1.1
75 silly idealTree │ ├── inflight@1.0.6
75 silly idealTree │ ├── inherits@2.0.3
75 silly idealTree │ ├── ini@1.3.4
75 silly idealTree │ ├── is-fullwidth-code-point@1.0.0
75 silly idealTree │ ├── is-typedarray@1.0.0
75 silly idealTree │ ├── isarray@1.0.0
75 silly idealTree │ ├── isstream@0.1.2
75 silly idealTree │ ├── jodid25519@1.0.2
75 silly idealTree │ ├── jsbn@0.1.1
75 silly idealTree │ ├── json-schema@0.2.3
75 silly idealTree │ ├── json-stable-stringify@1.0.1
75 silly idealTree │ ├── json-stringify-safe@5.0.1
75 silly idealTree │ ├── jsonify@0.0.0
75 silly idealTree │ ├─┬ jsprim@1.4.0
75 silly idealTree │ │ └── assert-plus@1.0.0
75 silly idealTree │ ├── mime-db@1.27.0
75 silly idealTree │ ├── mime-types@2.1.15
75 silly idealTree │ ├── minimatch@3.0.4
75 silly idealTree │ ├── minimist@0.0.8
75 silly idealTree │ ├── mkdirp@0.5.1
75 silly idealTree │ ├── ms@2.0.0
75 silly idealTree │ ├── node-pre-gyp@0.6.36
75 silly idealTree │ ├── nopt@4.0.1
75 silly idealTree │ ├── npmlog@4.1.0
75 silly idealTree │ ├── number-is-nan@1.0.1
75 silly idealTree │ ├── oauth-sign@0.8.2
75 silly idealTree │ ├── object-assign@4.1.1
75 silly idealTree │ ├── once@1.4.0
75 silly idealTree │ ├── os-homedir@1.0.2
75 silly idealTree │ ├── os-tmpdir@1.0.2
75 silly idealTree │ ├── osenv@0.1.4
75 silly idealTree │ ├── path-is-absolute@1.0.1
75 silly idealTree │ ├── performance-now@0.2.0
75 silly idealTree │ ├── process-nextick-args@1.0.7
75 silly idealTree │ ├── punycode@1.4.1
75 silly idealTree │ ├── qs@6.4.0
75 silly idealTree │ ├─┬ rc@1.2.1
75 silly idealTree │ │ └── minimist@1.2.0
75 silly idealTree │ ├── readable-stream@2.2.9
75 silly idealTree │ ├── request@2.81.0
75 silly idealTree │ ├── rimraf@2.6.1
75 silly idealTree │ ├── safe-buffer@5.0.1
75 silly idealTree │ ├── semver@5.3.0
75 silly idealTree │ ├── set-blocking@2.0.0
75 silly idealTree │ ├── signal-exit@3.0.2
75 silly idealTree │ ├── sntp@1.0.9
75 silly idealTree │ ├─┬ sshpk@1.13.0
75 silly idealTree │ │ └── assert-plus@1.0.0
75 silly idealTree │ ├── string_decoder@1.0.1
75 silly idealTree │ ├── string-width@1.0.2
75 silly idealTree │ ├── stringstream@0.0.5
75 silly idealTree │ ├── strip-ansi@3.0.1
75 silly idealTree │ ├── strip-json-comments@2.0.1
75 silly idealTree │ ├── tar-pack@3.4.0
75 silly idealTree │ ├── tar@2.2.1
75 silly idealTree │ ├── tough-cookie@2.3.2
75 silly idealTree │ ├── tunnel-agent@0.6.0
75 silly idealTree │ ├── tweetnacl@0.14.5
75 silly idealTree │ ├── uid-number@0.0.6
75 silly idealTree │ ├── util-deprecate@1.0.2
75 silly idealTree │ ├── uuid@3.0.1
75 silly idealTree │ ├── verror@1.3.6
75 silly idealTree │ ├── wide-align@1.1.2
75 silly idealTree │ └── wrappy@1.0.2
75 silly idealTree ├── gaze@0.5.2
75 silly idealTree ├── generate-function@2.0.0
75 silly idealTree ├── generate-object-property@1.2.0
75 silly idealTree ├── get-caller-file@1.0.2
75 silly idealTree ├── get-stdin@4.0.1
75 silly idealTree ├─┬ getpass@0.1.7
75 silly idealTree │ └── assert-plus@1.0.0
75 silly idealTree ├── glob-base@0.3.0
75 silly idealTree ├── glob-parent@2.0.0
75 silly idealTree ├─┬ glob-stream@3.1.18
75 silly idealTree │ ├── readable-stream@1.0.34
75 silly idealTree │ └── through2@0.6.5
75 silly idealTree ├── glob-watcher@0.0.6
75 silly idealTree ├── glob@4.5.3
75 silly idealTree ├── glob2base@0.0.12
75 silly idealTree ├── global-modules@0.2.3
75 silly idealTree ├── global-prefix@0.1.5
75 silly idealTree ├── globals@9.18.0
75 silly idealTree ├─┬ globule@0.1.0
75 silly idealTree │ ├── glob@3.1.21
75 silly idealTree │ ├── graceful-fs@1.2.3
75 silly idealTree │ ├── inherits@1.0.2
75 silly idealTree │ └── minimatch@0.2.14
75 silly idealTree ├── glogg@1.0.0
75 silly idealTree ├── gonzales-pe@3.0.0-28
75 silly idealTree ├── graceful-fs@3.0.11
75 silly idealTree ├── graceful-readlink@1.0.1
75 silly idealTree ├── growly@1.3.0
75 silly idealTree ├─┬ gulp-autoprefixer@4.0.0
75 silly idealTree │ ├── postcss@6.0.2
75 silly idealTree │ ├── source-map@0.5.6
75 silly idealTree │ └── supports-color@3.2.3
75 silly idealTree ├─┬ gulp-babel@6.1.2
75 silly idealTree │ └── object-assign@4.1.1
75 silly idealTree ├─┬ gulp-bless@4.0.0
75 silly idealTree │ ├── readable-stream@1.0.34
75 silly idealTree │ ├── through2@0.5.1
75 silly idealTree │ └── xtend@3.0.0
75 silly idealTree ├── gulp-clean-css@3.4.2
75 silly idealTree ├─┬ gulp-compass@2.1.0
75 silly idealTree │ ├── readable-stream@1.0.34
75 silly idealTree │ └── through2@0.6.5
75 silly idealTree ├── gulp-csscomb@3.0.8
75 silly idealTree ├── gulp-html-validator@0.0.5
75 silly idealTree ├── gulp-load-plugins@1.5.0
75 silly idealTree ├─┬ gulp-merge-media-queries@0.2.1
75 silly idealTree │ ├── ansi-regex@0.2.1
75 silly idealTree │ ├── ansi-styles@1.1.0
75 silly idealTree │ ├── chalk@0.5.1
75 silly idealTree │ ├── dateformat@1.0.12
75 silly idealTree │ ├─┬ gulp-util@2.2.20
75 silly idealTree │ │ └── through2@0.5.1
75 silly idealTree │ ├── has-ansi@0.1.0
75 silly idealTree │ ├── lodash._reinterpolate@2.4.1
75 silly idealTree │ ├── lodash.escape@2.4.1
75 silly idealTree │ ├── lodash.keys@2.4.1
75 silly idealTree │ ├── lodash.template@2.4.1
75 silly idealTree │ ├── lodash.templatesettings@2.4.1
75 silly idealTree │ ├── minimist@0.2.0
75 silly idealTree │ ├── readable-stream@1.0.34
75 silly idealTree │ ├── strip-ansi@0.3.0
75 silly idealTree │ ├── supports-color@0.2.0
75 silly idealTree │ ├─┬ through2@0.4.2
75 silly idealTree │ │ └── xtend@2.1.2
75 silly idealTree │ ├── vinyl@0.2.3
75 silly idealTree │ └── xtend@3.0.0
75 silly idealTree ├─┬ gulp-notify@3.0.0
75 silly idealTree │ ├── lodash.template@4.4.0
75 silly idealTree │ └── lodash.templatesettings@4.1.0
75 silly idealTree ├── gulp-plumber@1.1.0
75 silly idealTree ├── gulp-rename@1.2.2
75 silly idealTree ├─┬ gulp-uglify@3.0.0
75 silly idealTree │ └── lodash@4.17.4
75 silly idealTree ├─┬ gulp-uncss@1.0.6
75 silly idealTree │ └── object-assign@4.1.1
75 silly idealTree ├── gulp-util@3.0.8
75 silly idealTree ├─┬ gulp-watch@4.3.11
75 silly idealTree │ ├── glob-parent@3.1.0
75 silly idealTree │ ├── is-extglob@2.1.1
75 silly idealTree │ ├── is-glob@3.1.0
75 silly idealTree │ ├── isarray@1.0.0
75 silly idealTree │ ├── object-assign@4.1.1
75 silly idealTree │ ├── readable-stream@2.2.11
75 silly idealTree │ ├── string_decoder@1.0.2
75 silly idealTree │ └── vinyl@1.2.0
75 silly idealTree ├─┬ gulp-webserver@0.9.1
75 silly idealTree │ ├── ansi-regex@0.2.1
75 silly idealTree │ ├── ansi-styles@1.1.0
75 silly idealTree │ ├── chalk@0.5.1
75 silly idealTree │ ├── dateformat@1.0.12
75 silly idealTree │ ├── gulp-util@2.2.20
75 silly idealTree │ ├── has-ansi@0.1.0
75 silly idealTree │ ├── lodash._reinterpolate@2.4.1
75 silly idealTree │ ├── lodash.escape@2.4.1
75 silly idealTree │ ├── lodash.keys@2.4.1
75 silly idealTree │ ├── lodash.template@2.4.1
75 silly idealTree │ ├── lodash.templatesettings@2.4.1
75 silly idealTree │ ├── minimist@0.2.0
75 silly idealTree │ ├── readable-stream@1.0.34
75 silly idealTree │ ├── strip-ansi@0.3.0
75 silly idealTree │ ├── supports-color@0.2.0
75 silly idealTree │ ├── through2@0.5.1
75 silly idealTree │ ├── vinyl@0.2.3
75 silly idealTree │ └── xtend@3.0.0
75 silly idealTree ├── gulp@3.9.1
75 silly idealTree ├── gulplog@1.0.0
75 silly idealTree ├── har-schema@1.0.5
75 silly idealTree ├── har-validator@4.2.1
75 silly idealTree ├── has-ansi@2.0.0
75 silly idealTree ├── has-binary@0.1.7
75 silly idealTree ├── has-cors@1.1.0
75 silly idealTree ├── has-flag@1.0.0
75 silly idealTree ├── has-gulplog@0.1.0
75 silly idealTree ├── hasha@2.2.0
75 silly idealTree ├── hawk@3.1.3
75 silly idealTree ├── hoek@2.16.3
75 silly idealTree ├── home-or-tmp@2.0.0
75 silly idealTree ├── homedir-polyfill@1.0.1
75 silly idealTree ├── hosted-git-info@2.4.2
75 silly idealTree ├── html-tags@1.1.1
75 silly idealTree ├── html-validator@0.0.8
75 silly idealTree ├── http-errors@1.5.1
75 silly idealTree ├── http-proxy@1.15.2
75 silly idealTree ├── http-signature@1.1.1
75 silly idealTree ├── iconv-lite@0.4.4
75 silly idealTree ├── immutable@3.8.1
75 silly idealTree ├── indent-string@2.1.0
75 silly idealTree ├── indexof@0.0.1
75 silly idealTree ├── inflight@1.0.6
75 silly idealTree ├── inherits@2.0.3
75 silly idealTree ├── ini@1.3.4
75 silly idealTree ├── interpret@1.0.3
75 silly idealTree ├── invariant@2.2.2
75 silly idealTree ├── invert-kv@1.0.0
75 silly idealTree ├── is-absolute-url@2.0.0
75 silly idealTree ├── is-absolute@0.2.6
75 silly idealTree ├── is-arrayish@0.2.1
75 silly idealTree ├── is-binary-path@1.0.1
75 silly idealTree ├── is-buffer@1.1.5
75 silly idealTree ├── is-builtin-module@1.0.0
75 silly idealTree ├── is-dotfile@1.0.3
75 silly idealTree ├── is-equal-shallow@0.1.3
75 silly idealTree ├── is-extendable@0.1.1
75 silly idealTree ├── is-extglob@1.0.0
75 silly idealTree ├── is-finite@1.0.2
75 silly idealTree ├── is-fullwidth-code-point@1.0.0
75 silly idealTree ├── is-glob@2.0.1
75 silly idealTree ├── is-html@1.0.0
75 silly idealTree ├── is-my-json-valid@2.16.0
75 silly idealTree ├── is-number-like@1.0.7
75 silly idealTree ├── is-number@2.1.0
75 silly idealTree ├── is-posix-bracket@0.1.1
75 silly idealTree ├── is-primitive@2.0.0
75 silly idealTree ├── is-property@1.0.2
75 silly idealTree ├── is-relative@0.2.1
75 silly idealTree ├── is-stream@1.1.0
75 silly idealTree ├── is-typedarray@1.0.0
75 silly idealTree ├── is-unc-path@0.1.2
75 silly idealTree ├── is-utf8@0.2.1
75 silly idealTree ├── is-windows@0.2.0
75 silly idealTree ├── is@3.2.1
75 silly idealTree ├── isarray@0.0.1
75 silly idealTree ├── isexe@2.0.0
75 silly idealTree ├─┬ isobject@2.1.0
75 silly idealTree │ └── isarray@1.0.0
75 silly idealTree ├── isstream@0.1.2
75 silly idealTree ├── js-base64@2.1.9
75 silly idealTree ├── js-tokens@3.0.1
75 silly idealTree ├── jsbn@0.1.1
75 silly idealTree ├── jsesc@1.3.0
75 silly idealTree ├── json-schema@0.2.3
75 silly idealTree ├── json-stable-stringify@1.0.1
75 silly idealTree ├── json-stringify-safe@5.0.1
75 silly idealTree ├── json3@3.3.2
75 silly idealTree ├── json5@0.5.1
75 silly idealTree ├─┬ jsonfile@2.4.0
75 silly idealTree │ └── graceful-fs@4.1.11
75 silly idealTree ├── jsonify@0.0.0
75 silly idealTree ├── jsonpointer@4.0.1
75 silly idealTree ├─┬ jsprim@1.4.0
75 silly idealTree │ └── assert-plus@1.0.0
75 silly idealTree ├── kew@0.7.0
75 silly idealTree ├── kind-of@3.2.2
75 silly idealTree ├─┬ klaw@1.3.1
75 silly idealTree │ └── graceful-fs@4.1.11
75 silly idealTree ├── lcid@1.0.0
75 silly idealTree ├── liftoff@2.3.0
75 silly idealTree ├── limiter@1.1.0
75 silly idealTree ├── linerstream@0.1.4
75 silly idealTree ├─┬ load-json-file@1.1.0
75 silly idealTree │ ├── graceful-fs@4.1.11
75 silly idealTree │ └── strip-bom@2.0.0
75 silly idealTree ├─┬ localtunnel@1.8.2
75 silly idealTree │ ├── camelcase@1.2.1
75 silly idealTree │ ├── caseless@0.11.0
75 silly idealTree │ ├── commander@2.9.0
75 silly idealTree │ ├── debug@2.2.0
75 silly idealTree │ ├── har-validator@2.0.6
75 silly idealTree │ ├── node-uuid@1.4.8
75 silly idealTree │ ├── qs@6.3.2
75 silly idealTree │ ├── request@2.78.0
75 silly idealTree │ ├── tunnel-agent@0.4.3
75 silly idealTree │ └── yargs@3.29.0
75 silly idealTree ├── lodash._basecopy@3.0.1
75 silly idealTree ├── lodash._basetostring@3.0.1
75 silly idealTree ├── lodash._basevalues@3.0.0
75 silly idealTree ├── lodash._escapehtmlchar@2.4.1
75 silly idealTree ├── lodash._escapestringchar@2.4.1
75 silly idealTree ├── lodash._getnative@3.9.1
75 silly idealTree ├── lodash._htmlescapes@2.4.1
75 silly idealTree ├── lodash._isiterateecall@3.0.9
75 silly idealTree ├── lodash._isnative@2.4.1
75 silly idealTree ├── lodash._objecttypes@2.4.1
75 silly idealTree ├── lodash._reescape@3.0.0
75 silly idealTree ├── lodash._reevaluate@3.0.0
75 silly idealTree ├── lodash._reinterpolate@3.0.0
75 silly idealTree ├─┬ lodash._reunescapedhtml@2.4.1
75 silly idealTree │ └── lodash.keys@2.4.1
75 silly idealTree ├── lodash._root@3.0.1
75 silly idealTree ├── lodash._shimkeys@2.4.1
75 silly idealTree ├── lodash.assignwith@4.2.0
75 silly idealTree ├─┬ lodash.defaults@2.4.1
75 silly idealTree │ └── lodash.keys@2.4.1
75 silly idealTree ├── lodash.escape@3.2.0
75 silly idealTree ├── lodash.isarguments@3.1.0
75 silly idealTree ├── lodash.isarray@3.0.4
75 silly idealTree ├── lodash.isempty@4.4.0
75 silly idealTree ├── lodash.isfinite@3.3.2
75 silly idealTree ├── lodash.isfunction@3.0.8
75 silly idealTree ├── lodash.isobject@2.4.1
75 silly idealTree ├── lodash.isplainobject@4.0.6
75 silly idealTree ├── lodash.isstring@4.0.1
75 silly idealTree ├── lodash.isundefined@3.0.1
75 silly idealTree ├── lodash.keys@3.1.2
75 silly idealTree ├── lodash.mapvalues@4.6.0
75 silly idealTree ├── lodash.pick@4.4.0
75 silly idealTree ├── lodash.restparam@3.6.1
75 silly idealTree ├── lodash.template@3.6.2
75 silly idealTree ├── lodash.templatesettings@3.1.1
75 silly idealTree ├─┬ lodash.values@2.4.1
75 silly idealTree │ └── lodash.keys@2.4.1
75 silly idealTree ├── lodash@1.0.2
75 silly idealTree ├── loose-envify@1.3.1
75 silly idealTree ├── loud-rejection@1.6.0
75 silly idealTree ├── lru-cache@2.7.3
75 silly idealTree ├── magic-string@0.14.0
75 silly idealTree ├── make-error-cause@1.2.2
75 silly idealTree ├── make-error@1.3.0
75 silly idealTree ├── map-cache@0.2.2
75 silly idealTree ├── map-obj@1.0.1
75 silly idealTree ├── map-stream@0.1.0
75 silly idealTree ├── mecab-async@0.1.0
75 silly idealTree ├── MeCab@0.0.2
75 silly idealTree ├── media-typer@0.3.0
75 silly idealTree ├─┬ meow@3.7.0
75 silly idealTree │ └── object-assign@4.1.1
75 silly idealTree ├── merge@1.2.0
75 silly idealTree ├── micromatch@2.3.11
75 silly idealTree ├── mime-db@1.27.0
75 silly idealTree ├── mime-types@2.1.15
75 silly idealTree ├── mime@1.2.4
75 silly idealTree ├── minimatch@2.0.10
75 silly idealTree ├── minimist@1.2.0
75 silly idealTree ├─┬ mkdirp@0.5.1
75 silly idealTree │ └── minimist@0.0.8
75 silly idealTree ├── ms@0.7.1
75 silly idealTree ├── multipipe@0.1.2
75 silly idealTree ├─┬ mz@2.6.0
75 silly idealTree │ └── object-assign@4.1.1
75 silly idealTree ├── nan@2.6.2
75 silly idealTree ├── natives@1.1.0
75 silly idealTree ├── negotiator@0.6.1
75 silly idealTree ├─┬ node-notifier@5.1.2
75 silly idealTree │ └── semver@5.3.0
75 silly idealTree ├── node-uuid@1.4.0
75 silly idealTree ├── node.extend@1.1.6
75 silly idealTree ├── nopt@3.0.6
75 silly idealTree ├── normalize-package-data@2.3.8
75 silly idealTree ├── normalize-path@2.1.1
75 silly idealTree ├── normalize-range@0.1.2
75 silly idealTree ├── num2fraction@1.2.2
75 silly idealTree ├── number-is-nan@1.0.1
75 silly idealTree ├── oauth-sign@0.8.2
75 silly idealTree ├── object-assign@3.0.0
75 silly idealTree ├── object-component@0.0.3
75 silly idealTree ├── object-keys@0.4.0
75 silly idealTree ├── object-path@0.9.2
75 silly idealTree ├── object.omit@2.0.1
75 silly idealTree ├── on-finished@2.3.0
75 silly idealTree ├── once@1.3.3
75 silly idealTree ├── open@0.0.5
75 silly idealTree ├── openurl@1.1.0
75 silly idealTree ├─┬ opn@4.0.2
75 silly idealTree │ └── object-assign@4.1.1
75 silly idealTree ├── options@0.0.6
75 silly idealTree ├── orchestrator@0.3.8
75 silly idealTree ├── ordered-read-streams@0.1.0
75 silly idealTree ├── os-homedir@1.0.2
75 silly idealTree ├── os-locale@1.4.0
75 silly idealTree ├── os-tmpdir@1.0.2
75 silly idealTree ├── parse-filepath@1.0.1
75 silly idealTree ├── parse-glob@3.0.4
75 silly idealTree ├── parse-json@2.2.0
75 silly idealTree ├── parse-passwd@1.0.0
75 silly idealTree ├── parsejson@0.0.3
75 silly idealTree ├── parseqs@0.0.5
75 silly idealTree ├── parseuri@0.0.5
75 silly idealTree ├── parseurl@1.3.1
75 silly idealTree ├── path-dirname@1.0.2
75 silly idealTree ├── path-exists@2.1.0
75 silly idealTree ├── path-is-absolute@1.0.1
75 silly idealTree ├── path-parse@1.0.5
75 silly idealTree ├── path-root-regex@0.1.2
75 silly idealTree ├── path-root@0.1.1
75 silly idealTree ├─┬ path-type@1.1.0
75 silly idealTree │ └── graceful-fs@4.1.11
75 silly idealTree ├── pause-stream@0.0.11
75 silly idealTree ├── pend@1.2.0
75 silly idealTree ├── performance-now@0.2.0
75 silly idealTree ├─┬ phantomjs-prebuilt@2.1.14
75 silly idealTree │ ├── caseless@0.11.0
75 silly idealTree │ ├── commander@2.9.0
75 silly idealTree │ ├── es6-promise@4.0.5
75 silly idealTree │ ├── fs-extra@1.0.0
75 silly idealTree │ ├── graceful-fs@4.1.11
75 silly idealTree │ ├── har-validator@2.0.6
75 silly idealTree │ ├── qs@6.3.2
75 silly idealTree │ ├── request@2.79.0
75 silly idealTree │ └── tunnel-agent@0.4.3
75 silly idealTree ├── phridge@2.0.0
75 silly idealTree ├── pify@2.3.0
75 silly idealTree ├── pinkie-promise@2.0.1
75 silly idealTree ├── pinkie@2.0.4
75 silly idealTree ├── portscanner@2.1.1
75 silly idealTree ├── postcss-value-parser@3.3.0
75 silly idealTree ├─┬ postcss@5.0.21
75 silly idealTree │ ├── source-map@0.5.6
75 silly idealTree │ └── supports-color@3.2.3
75 silly idealTree ├── preserve@0.2.0
75 silly idealTree ├── pretty-hrtime@1.0.3
75 silly idealTree ├── private@0.1.7
75 silly idealTree ├── process-nextick-args@1.0.7
75 silly idealTree ├── progress@1.1.8
75 silly idealTree ├── proxy-middleware@0.5.1
75 silly idealTree ├── punycode@1.4.1
75 silly idealTree ├── qs@6.4.0
75 silly idealTree ├─┬ randomatic@1.1.7
75 silly idealTree │ ├─┬ is-number@3.0.0
75 silly idealTree │ │ └── kind-of@3.2.2
75 silly idealTree │ └── kind-of@4.0.0
75 silly idealTree ├── range-parser@1.2.0
75 silly idealTree ├── raw-body@1.3.0
75 silly idealTree ├── read-pkg-up@1.0.1
75 silly idealTree ├── read-pkg@1.1.0
75 silly idealTree ├── readable-stream@1.1.14
75 silly idealTree ├─┬ readdirp@2.1.0
75 silly idealTree │ ├── graceful-fs@4.1.11
75 silly idealTree │ ├── isarray@1.0.0
75 silly idealTree │ ├── minimatch@3.0.4
75 silly idealTree │ ├── readable-stream@2.2.11
75 silly idealTree │ └── string_decoder@1.0.2
75 silly idealTree ├── rechoir@0.6.2
75 silly idealTree ├── redent@1.0.0
75 silly idealTree ├── regenerator-runtime@0.10.5
75 silly idealTree ├── regex-cache@0.4.3
75 silly idealTree ├── remove-trailing-separator@1.0.2
75 silly idealTree ├── repeat-element@1.1.2
75 silly idealTree ├── repeat-string@1.6.1
75 silly idealTree ├── repeating@2.0.1
75 silly idealTree ├── replace-ext@0.0.1
75 silly idealTree ├── request-progress@2.0.1
75 silly idealTree ├── request@2.81.0
75 silly idealTree ├── require-directory@2.1.1
75 silly idealTree ├── require-main-filename@1.0.1
75 silly idealTree ├── requires-port@1.0.0
75 silly idealTree ├── resolve-dir@0.1.1
75 silly idealTree ├── resolve-url@0.2.1
75 silly idealTree ├── resolve@1.3.3
75 silly idealTree ├─┬ resp-modifier@6.0.2
75 silly idealTree │ ├── debug@2.6.8
75 silly idealTree │ ├── minimatch@3.0.4
75 silly idealTree │ └── ms@2.0.0
75 silly idealTree ├─┬ rimraf@2.6.1
75 silly idealTree │ ├── glob@7.1.2
75 silly idealTree │ └── minimatch@3.0.4
75 silly idealTree ├── rx@4.1.0
75 silly idealTree ├── safe-buffer@5.0.1
75 silly idealTree ├── semver@4.3.6
75 silly idealTree ├─┬ send@0.15.2
75 silly idealTree │ ├─┬ debug@2.6.4
75 silly idealTree │ │ └── ms@0.7.3
75 silly idealTree │ ├── fresh@0.5.0
75 silly idealTree │ ├── http-errors@1.6.1
75 silly idealTree │ ├── mime@1.3.4
75 silly idealTree │ ├── ms@1.0.0
75 silly idealTree │ └── setprototypeof@1.0.3
75 silly idealTree ├── sequencify@0.0.7
75 silly idealTree ├─┬ serve-index@1.8.0
75 silly idealTree │ └── debug@2.2.0
75 silly idealTree ├── serve-static@1.12.2
75 silly idealTree ├── server-destroy@1.0.1
75 silly idealTree ├── set-blocking@2.0.0
75 silly idealTree ├── set-immediate-shim@1.0.1
75 silly idealTree ├── setprototypeof@1.0.2
75 silly idealTree ├── shell-quote@1.6.1
75 silly idealTree ├── shellwords@0.1.0
75 silly idealTree ├── sigmund@1.0.1
75 silly idealTree ├── signal-exit@3.0.2
75 silly idealTree ├── slash@1.0.0
75 silly idealTree ├── sntp@1.0.9
75 silly idealTree ├─┬ socket.io-adapter@0.5.0
75 silly idealTree │ ├── debug@2.3.3
75 silly idealTree │ └── ms@0.7.2
75 silly idealTree ├─┬ socket.io-client@1.6.0
75 silly idealTree │ ├── component-emitter@1.2.1
75 silly idealTree │ ├── debug@2.3.3
75 silly idealTree │ └── ms@0.7.2
75 silly idealTree ├─┬ socket.io-parser@2.3.1
75 silly idealTree │ └── debug@2.2.0
75 silly idealTree ├─┬ socket.io@1.6.0
75 silly idealTree │ ├── debug@2.3.3
75 silly idealTree │ ├── ms@0.7.2
75 silly idealTree │ └── object-assign@4.1.0
75 silly idealTree ├── source-map-resolve@0.3.1
75 silly idealTree ├─┬ source-map-support@0.4.15
75 silly idealTree │ └── source-map@0.5.6
75 silly idealTree ├── source-map-url@0.3.0
75 silly idealTree ├── source-map@0.1.43
75 silly idealTree ├── sparkles@1.0.0
75 silly idealTree ├── spdx-correct@1.0.2
75 silly idealTree ├── spdx-expression-parse@1.0.4
75 silly idealTree ├── spdx-license-ids@1.2.2
75 silly idealTree ├── split@0.3.3
75 silly idealTree ├─┬ sshpk@1.13.1
75 silly idealTree │ └── assert-plus@1.0.0
75 silly idealTree ├── statuses@1.3.1
75 silly idealTree ├── stream-combiner@0.0.4
75 silly idealTree ├── stream-consume@0.1.0
75 silly idealTree ├─┬ stream-throttle@0.1.3
75 silly idealTree │ └── commander@2.9.0
75 silly idealTree ├── string_decoder@0.10.31
75 silly idealTree ├── string-width@1.0.2
75 silly idealTree ├── stringstream@0.0.5
75 silly idealTree ├── strip-ansi@3.0.1
75 silly idealTree ├─┬ strip-bom-stream@2.0.0
75 silly idealTree │ ├── first-chunk-stream@2.0.0
75 silly idealTree │ ├── isarray@1.0.0
75 silly idealTree │ ├── readable-stream@2.2.11
75 silly idealTree │ ├── string_decoder@1.0.2
75 silly idealTree │ └── strip-bom@2.0.0
75 silly idealTree ├── strip-bom@1.0.0
75 silly idealTree ├── strip-indent@1.0.1
75 silly idealTree ├── supports-color@2.0.0
75 silly idealTree ├─┬ temp@0.8.3
75 silly idealTree │ └── rimraf@2.2.8
75 silly idealTree ├── tfunk@3.1.0
75 silly idealTree ├── thenify-all@1.6.0
75 silly idealTree ├── thenify@3.3.0
75 silly idealTree ├── throttleit@1.0.0
75 silly idealTree ├── through@2.3.8
75 silly idealTree ├─┬ through2@2.0.3
75 silly idealTree │ ├── isarray@1.0.0
75 silly idealTree │ ├── readable-stream@2.2.11
75 silly idealTree │ └── string_decoder@1.0.2
75 silly idealTree ├── tildify@1.2.0
75 silly idealTree ├── time-stamp@1.1.0
75 silly idealTree ├─┬ tiny-lr@0.1.4
75 silly idealTree │ ├── debug@0.8.1
75 silly idealTree │ └── qs@2.2.5
75 silly idealTree ├── to-array@0.1.4
75 silly idealTree ├── to-fast-properties@1.0.3
75 silly idealTree ├── tough-cookie@2.3.2
75 silly idealTree ├── trim-newlines@1.0.0
75 silly idealTree ├── trim-right@1.0.1
75 silly idealTree ├── tunnel-agent@0.6.0
75 silly idealTree ├── tweetnacl@0.14.5
75 silly idealTree ├─┬ type-is@1.5.7
75 silly idealTree │ ├── mime-db@1.12.0
75 silly idealTree │ └── mime-types@2.0.14
75 silly idealTree ├── typedarray@0.0.6
75 silly idealTree ├── ua-parser-js@0.7.12
75 silly idealTree ├─┬ uglify-js@3.0.16
75 silly idealTree │ ├── commander@2.9.0
75 silly idealTree │ └── source-map@0.5.6
75 silly idealTree ├── ultron@1.0.2
75 silly idealTree ├── unc-path-regex@0.1.2
75 silly idealTree ├─┬ uncss@0.14.1
75 silly idealTree │ ├── caseless@0.11.0
75 silly idealTree │ ├── commander@2.9.0
75 silly idealTree │ ├─┬ form-data@1.0.1
75 silly idealTree │ │ ├── async@2.4.1
75 silly idealTree │ │ └── lodash@4.17.4
75 silly idealTree │ ├── glob@6.0.4
75 silly idealTree │ ├── har-validator@2.0.6
75 silly idealTree │ ├── lodash@4.0.1
75 silly idealTree │ ├── node-uuid@1.4.8
75 silly idealTree │ ├── object-assign@4.1.1
75 silly idealTree │ ├── qs@6.0.4
75 silly idealTree │ ├── request@2.69.0
75 silly idealTree │ ├── tough-cookie@2.2.2
75 silly idealTree │ └── tunnel-agent@0.4.3
75 silly idealTree ├── underscore@1.7.0
75 silly idealTree ├── unique-stream@1.0.0
75 silly idealTree ├── universalify@0.1.0
75 silly idealTree ├── unpipe@1.0.0
75 silly idealTree ├── urix@0.1.0
75 silly idealTree ├── user-home@1.1.1
75 silly idealTree ├── util-deprecate@1.0.2
75 silly idealTree ├── utils-merge@1.0.0
75 silly idealTree ├── uuid@3.0.1
75 silly idealTree ├── v8flags@2.1.1
75 silly idealTree ├── valid-url@1.0.9
75 silly idealTree ├── validate-npm-package-license@3.0.1
75 silly idealTree ├── verror@1.3.6
75 silly idealTree ├─┬ vinyl-file@2.0.0
75 silly idealTree │ ├── graceful-fs@4.1.11
75 silly idealTree │ ├── strip-bom@2.0.0
75 silly idealTree │ └── vinyl@1.2.0
75 silly idealTree ├─┬ vinyl-fs@0.3.14
75 silly idealTree │ ├── clone@0.2.0
75 silly idealTree │ ├── readable-stream@1.0.34
75 silly idealTree │ ├── through2@0.6.5
75 silly idealTree │ └── vinyl@0.4.6
75 silly idealTree ├─┬ vinyl-sourcemaps-apply@0.2.1
75 silly idealTree │ └── source-map@0.5.6
75 silly idealTree ├── vinyl@0.5.3
75 silly idealTree ├── vlq@0.2.2
75 silly idealTree ├─┬ vow-fs@0.3.2
75 silly idealTree │ ├── glob@3.2.8
75 silly idealTree │ └── minimatch@0.2.14
75 silly idealTree ├── vow-queue@0.3.1
75 silly idealTree ├── vow@0.4.4
75 silly idealTree ├── watch@0.11.0
75 silly idealTree ├── wcwidth@1.0.1
75 silly idealTree ├── websocket-driver@0.6.5
75 silly idealTree ├── websocket-extensions@0.1.1
75 silly idealTree ├── weinre@2.0.0-pre-I0Z7U9OV
75 silly idealTree ├── which-module@1.0.0
75 silly idealTree ├── which@1.2.14
75 silly idealTree ├── window-size@0.1.4
75 silly idealTree ├── wrap-ansi@2.1.0
75 silly idealTree ├── wrappy@1.0.2
75 silly idealTree ├── ws@1.1.1
75 silly idealTree ├── wtf-8@1.0.0
75 silly idealTree ├── xmlhttprequest-ssl@1.5.3
75 silly idealTree ├── xtend@4.0.1
75 silly idealTree ├── y18n@3.2.1
75 silly idealTree ├─┬ yargs-parser@4.2.1
75 silly idealTree │ └── camelcase@3.0.0
75 silly idealTree ├── yargs@3.32.0
75 silly idealTree ├── yauzl@2.4.1
75 silly idealTree └── yeast@0.1.2
76 silly generateActionsToTake Starting
77 silly install generateActionsToTake
78 silly generateActionsToTake Finishing
79 silly diffTrees action count 1
80 silly diffTrees add MeCab@0.0.2
81 silly decomposeActions action count 8
82 silly decomposeActions fetch MeCab@0.0.2
83 silly decomposeActions extract MeCab@0.0.2
84 silly decomposeActions test MeCab@0.0.2
85 silly decomposeActions preinstall MeCab@0.0.2
86 silly decomposeActions build MeCab@0.0.2
87 silly decomposeActions install MeCab@0.0.2
88 silly decomposeActions postinstall MeCab@0.0.2
89 silly decomposeActions finalize MeCab@0.0.2
90 silly runTopLevelLifecycles Starting
91 silly executeActions Starting
92 silly install executeActions
93 silly doSerial global-install 0
94 silly doParallel fetch 1
95 verbose correctMkdir /Users/mc00102/.npm/_locks correctMkdir not in flight; initializing
96 verbose lock using /Users/mc00102/.npm/_locks/staging-6de1d4eff300e0db.lock for /Users/mc00102/Dev/gulp-bk/node_modules/.staging
97 silly doParallel extract 1
98 silly extract MeCab@0.0.2
99 verbose unbuild node_modules/.staging/MeCab-e6d23bbc
100 silly gentlyRm /Users/mc00102/Dev/gulp-bk/node_modules/.staging/MeCab-e6d23bbc is being purged from base /Users/mc00102/Dev/gulp-bk
101 verbose gentlyRm don't care about contents; nuking /Users/mc00102/Dev/gulp-bk/node_modules/.staging/MeCab-e6d23bbc
102 verbose tar unpack /Users/mc00102/.npm/MeCab/0.0.2/package.tgz
103 verbose tar unpacking to /Users/mc00102/Dev/gulp-bk/node_modules/.staging/MeCab-e6d23bbc
104 silly gentlyRm /Users/mc00102/Dev/gulp-bk/node_modules/.staging/MeCab-e6d23bbc is being purged
105 verbose gentlyRm don't care about contents; nuking /Users/mc00102/Dev/gulp-bk/node_modules/.staging/MeCab-e6d23bbc
106 silly gunzTarPerm modes [ '755', '644' ]
107 silly gunzTarPerm extractEntry install.sh
108 silly gunzTarPerm extractEntry package.json
109 silly gunzTarPerm extractEntry README.md
110 silly gunzTarPerm extractEntry test.sh
111 silly gunzTarPerm extractEntry wscript
112 silly gunzTarPerm extractEntry src/mecab.cc
113 silly gunzTarPerm extractEntry test/test.js
114 silly gentlyRm /Users/mc00102/Dev/gulp-bk/node_modules/.staging/MeCab-e6d23bbc/node_modules is being purged
115 verbose gentlyRm don't care about contents; nuking /Users/mc00102/Dev/gulp-bk/node_modules/.staging/MeCab-e6d23bbc/node_modules
116 silly doParallel preinstall 1
117 silly preinstall MeCab@0.0.2 /Users/mc00102/Dev/gulp-bk/node_modules/.staging/MeCab-e6d23bbc
118 info lifecycle MeCab@0.0.2~preinstall: MeCab@0.0.2
119 silly lifecycle MeCab@0.0.2~preinstall: no script for preinstall, continuing
120 silly doReverseSerial remove 0
121 silly doSerial move 0
122 silly doSerial finalize 1
123 silly finalize /Users/mc00102/Dev/gulp-bk/node_modules/MeCab
124 silly doSerial build 1
125 silly build MeCab@0.0.2
126 info linkStuff MeCab@0.0.2
127 silly linkStuff MeCab@0.0.2 has /Users/mc00102/Dev/gulp-bk/node_modules as its parent node_modules
128 verbose linkBins MeCab@0.0.2
129 verbose linkMans MeCab@0.0.2
130 silly doSerial global-link 0
131 silly doParallel update-linked 0
132 silly doSerial install 1
133 silly install MeCab@0.0.2 /Users/mc00102/Dev/gulp-bk/node_modules/.staging/MeCab-e6d23bbc
134 info lifecycle MeCab@0.0.2~install: MeCab@0.0.2
135 verbose lifecycle MeCab@0.0.2~install: unsafe-perm in lifecycle false
136 verbose lifecycle MeCab@0.0.2~install: PATH: /usr/local/lib/node_modules/npm/bin/node-gyp-bin:/Users/mc00102/Dev/gulp-bk/node_modules/MeCab/node_modules/.bin:/Users/mc00102/Dev/gulp-bk/node_modules/.bin:/usr/local/bin:/usr/bin:/bin:/usr/sbin:/sbin
137 verbose lifecycle MeCab@0.0.2~install: CWD: /Users/mc00102/Dev/gulp-bk/node_modules/MeCab
138 silly lifecycle MeCab@0.0.2~install: Args: [ '-c', './install.sh' ]
139 info lifecycle MeCab@0.0.2~install: Failed to exec install script
140 verbose unlock done using /Users/mc00102/.npm/_locks/staging-6de1d4eff300e0db.lock for /Users/mc00102/Dev/gulp-bk/node_modules/.staging
141 silly rollbackFailedOptional Starting
142 silly rollbackFailedOptional Finishing
143 silly runTopLevelLifecycles Finishing
144 silly install printInstalled
145 warn gulp-bk@1.0.0 No description
146 verbose If you need help, you may report this error at:
146 verbose     <https://github.com/npm/npm/issues>
147 verbose stack Error: MeCab@0.0.2 install: `./install.sh`
147 verbose stack spawn ENOENT
147 verbose stack     at ChildProcess.<anonymous> (/usr/local/lib/node_modules/npm/lib/utils/spawn.js:33:16)
147 verbose stack     at emitTwo (events.js:106:13)
147 verbose stack     at ChildProcess.emit (events.js:191:7)
147 verbose stack     at maybeClose (internal/child_process.js:891:16)
147 verbose stack     at Process.ChildProcess._handle.onexit (internal/child_process.js:226:5)
148 verbose pkgid MeCab@0.0.2
149 verbose cwd /Users/mc00102/Dev/gulp-bk
150 error Darwin 14.5.0
151 error argv "/usr/local/bin/node" "/usr/local/bin/npm" "install" "MeCab" "--save"
152 error node v6.11.0
153 error npm  v3.10.10
154 error file sh
155 error code ELIFECYCLE
156 error errno ENOENT
157 error syscall spawn
158 error MeCab@0.0.2 install: `./install.sh`
158 error spawn ENOENT
159 error Failed at the MeCab@0.0.2 install script './install.sh'.
159 error Make sure you have the latest version of node.js and npm installed.
159 error If you do, this is most likely a problem with the MeCab package,
159 error not with npm itself.
159 error Tell the author that this fails on your system:
159 error     ./install.sh
159 error You can get information on how to open an issue for this project with:
159 error     npm bugs MeCab
159 error Or if that isn't available, you can get their info via:
159 error     npm owner ls MeCab
159 error There is likely additional logging output above.
160 verbose exit [ 1, true ]
